<?xml version="1.0" encoding="UTF-8"?>
<robot generator="Robot 7.2.2 (Python 3.13.1 on win32)" generated="2025-03-13T13:11:50.523101" rpa="false" schemaversion="5">
<suite id="s1" name="Rf Project" source="D:\HAMK\2nd Year\2nd Semester\Module 1\Software Robotics and Automation\Group Projects\RobotFramework\rf_project.robot">
<test id="s1-t1" name="Read CSV file to list" line="158">
<kw name="Get File" owner="OperatingSystem">
<msg time="2025-03-13T13:11:50.708441" level="INFO" html="true">Getting file '&lt;a href="file://D:\HAMK\2nd Year\2nd Semester\Module 1\Software Robotics and Automation\Group Projects\RobotFramework\InvoiceHeaderData.csv"&gt;D:\HAMK\2nd Year\2nd Semester\Module 1\Software Robotics and Automation\Group Projects\RobotFramework\InvoiceHeaderData.csv&lt;/a&gt;'.</msg>
<msg time="2025-03-13T13:11:50.709360" level="INFO">${outputHeader} = ﻿invoiceNumber,CompanyName,ReferenceNumber,InvoiceDate,DueDate,CompanyCode,BankAccountNumber,AmountExclVAT,VATAmount,TotalAmount
143143,Service Provider Oy,1431432,15.12.2022,07.04.2021,1234567-8,FI12...</msg>
<var>${outputHeader}</var>
<arg>${PATH}InvoiceHeaderData.csv</arg>
<doc>Returns the contents of a specified file.</doc>
<status status="PASS" start="2025-03-13T13:11:50.708007" elapsed="0.001452"/>
</kw>
<kw name="Get File" owner="OperatingSystem">
<msg time="2025-03-13T13:11:50.710576" level="INFO" html="true">Getting file '&lt;a href="file://D:\HAMK\2nd Year\2nd Semester\Module 1\Software Robotics and Automation\Group Projects\RobotFramework\InvoiceRowData.csv"&gt;D:\HAMK\2nd Year\2nd Semester\Module 1\Software Robotics and Automation\Group Projects\RobotFramework\InvoiceRowData.csv&lt;/a&gt;'.</msg>
<msg time="2025-03-13T13:11:50.711285" level="INFO">${outputRows} = ﻿Description,Quantity,Unit,UnitPrice,VATPercent,VAT,Total,InvoiceNumber,RowNumber
Installation Services,5,h,60,24,72,372,143143,1
Replacement Products,10,kpl,105,24,252,1302,143143,2
Keyboard Logitech...</msg>
<var>${outputRows}</var>
<arg>${PATH}InvoiceRowData.csv</arg>
<doc>Returns the contents of a specified file.</doc>
<status status="PASS" start="2025-03-13T13:11:50.710153" elapsed="0.001211"/>
</kw>
<kw name="Log" owner="BuiltIn">
<msg time="2025-03-13T13:11:50.712474" level="INFO">﻿invoiceNumber,CompanyName,ReferenceNumber,InvoiceDate,DueDate,CompanyCode,BankAccountNumber,AmountExclVAT,VATAmount,TotalAmount
143143,Service Provider Oy,1431432,15.12.2022,07.04.2021,1234567-8,FI12 3456 7890 1234 56,1350,324,1674
1543235,Component Oy,15432359,01.10.2022,15.10.2022,1234567-9,FI05 1234 5600 7891 01,465,111.6,576.6
153143,Service Provider Oy,1531439,15.12.2022,01.04.2021,1234567-8,FI12 3456 7890 1234 56,2700,648,3348
</msg>
<arg>${outputHeader}</arg>
<doc>Logs the given message with the given level.</doc>
<status status="PASS" start="2025-03-13T13:11:50.712052" elapsed="0.000563"/>
</kw>
<kw name="Log" owner="BuiltIn">
<msg time="2025-03-13T13:11:50.713545" level="INFO">﻿Description,Quantity,Unit,UnitPrice,VATPercent,VAT,Total,InvoiceNumber,RowNumber
Installation Services,5,h,60,24,72,372,143143,1
Replacement Products,10,kpl,105,24,252,1302,143143,2
Keyboard Logitech,10,kpl,40,24,96,496,1543235,1
Brother printer,1,kpl,65,24,15.6,80.6,1543235,2
Installation Services,5,h,60,24,72,372,153143,1
Replacement Products,10,kpl,105,24,252,1302,153143,2
Cleaning Services,5,h,60,24,72,372,153143,3
Cleaning Wipes,10,kpl,105,24,252,1302,153143,4
</msg>
<arg>${outputRows}</arg>
<doc>Logs the given message with the given level.</doc>
<status status="PASS" start="2025-03-13T13:11:50.713187" elapsed="0.000486"/>
</kw>
<kw name="Split String" owner="String">
<msg time="2025-03-13T13:11:50.714606" level="INFO">@{headers} = [ ﻿invoiceNumber,CompanyName,ReferenceNumber,InvoiceDate,DueDate,CompanyCode,BankAccountNumber,AmountExclVAT,VATAmount,TotalAmount | 143143,Service Provider Oy,1431432,15.12.2022,07.04.2021,1234567-8,...</msg>
<var>@{headers}</var>
<arg>${outputHeader}</arg>
<arg>\n</arg>
<doc>Splits the ``string`` using ``separator`` as a delimiter string.</doc>
<status status="PASS" start="2025-03-13T13:11:50.714128" elapsed="0.000548"/>
</kw>
<kw name="Split String" owner="String">
<msg time="2025-03-13T13:11:50.715450" level="INFO">@{rows} = [ ﻿Description,Quantity,Unit,UnitPrice,VATPercent,VAT,Total,InvoiceNumber,RowNumber | Installation Services,5,h,60,24,72,372,143143,1 | Replacement Products,10,kpl,105,24,252,1302,143143,2 | Keyboard ...</msg>
<var>@{rows}</var>
<arg>${outputRows}</arg>
<arg>\n</arg>
<doc>Splits the ``string`` using ``separator`` as a delimiter string.</doc>
<status status="PASS" start="2025-03-13T13:11:50.715084" elapsed="0.000415"/>
</kw>
<kw name="Get Length" owner="BuiltIn">
<msg time="2025-03-13T13:11:50.716146" level="INFO">Length is 5.</msg>
<msg time="2025-03-13T13:11:50.716263" level="INFO">${length} = 5</msg>
<var>${length}</var>
<arg>${headers}</arg>
<doc>Returns and logs the length of the given item as an integer.</doc>
<status status="PASS" start="2025-03-13T13:11:50.715935" elapsed="0.000367"/>
</kw>
<kw name="Evaluate" owner="BuiltIn">
<msg time="2025-03-13T13:11:50.717139" level="INFO">${length} = 4</msg>
<var>${length}</var>
<arg>${length}-1</arg>
<doc>Evaluates the given expression in Python and returns the result.</doc>
<status status="PASS" start="2025-03-13T13:11:50.716727" elapsed="0.000459"/>
</kw>
<kw name="Convert To Integer" owner="BuiltIn">
<msg time="2025-03-13T13:11:50.717882" level="INFO">${index} = 0</msg>
<var>${index}</var>
<arg>0</arg>
<doc>Converts the given item to an integer number.</doc>
<status status="PASS" start="2025-03-13T13:11:50.717600" elapsed="0.000329"/>
</kw>
<kw name="Remove From List" owner="Collections">
<arg>${headers}</arg>
<arg>${length}</arg>
<doc>Removes and returns the value specified with an ``index`` from ``list``.</doc>
<status status="PASS" start="2025-03-13T13:11:50.719729" elapsed="0.000958"/>
</kw>
<kw name="Remove From List" owner="Collections">
<arg>${headers}</arg>
<arg>${index}</arg>
<doc>Removes and returns the value specified with an ``index`` from ``list``.</doc>
<status status="PASS" start="2025-03-13T13:11:50.721699" elapsed="0.000417"/>
</kw>
<kw name="Get Length" owner="BuiltIn">
<msg time="2025-03-13T13:11:50.723290" level="INFO">Length is 10.</msg>
<msg time="2025-03-13T13:11:50.723462" level="INFO">${length} = 10</msg>
<var>${length}</var>
<arg>${rows}</arg>
<doc>Returns and logs the length of the given item as an integer.</doc>
<status status="PASS" start="2025-03-13T13:11:50.722864" elapsed="0.000640"/>
</kw>
<kw name="Evaluate" owner="BuiltIn">
<msg time="2025-03-13T13:11:50.724621" level="INFO">${length} = 9</msg>
<var>${length}</var>
<arg>${length}-1</arg>
<doc>Evaluates the given expression in Python and returns the result.</doc>
<status status="PASS" start="2025-03-13T13:11:50.724110" elapsed="0.000570"/>
</kw>
<kw name="Remove From List" owner="Collections">
<arg>${rows}</arg>
<arg>${length}</arg>
<doc>Removes and returns the value specified with an ``index`` from ``list``.</doc>
<status status="PASS" start="2025-03-13T13:11:50.725493" elapsed="0.000575"/>
</kw>
<kw name="Remove From List" owner="Collections">
<arg>${rows}</arg>
<arg>${index}</arg>
<doc>Removes and returns the value specified with an ``index`` from ``list``.</doc>
<status status="PASS" start="2025-03-13T13:11:50.726964" elapsed="0.000542"/>
</kw>
<kw name="Set Global Variable" owner="BuiltIn">
<msg time="2025-03-13T13:11:50.728818" level="INFO">${headers} = ['143143,Service Provider Oy,1431432,15.12.2022,07.04.2021,1234567-8,FI12 3456 7890 1234 56,1350,324,1674', '1543235,Component Oy,15432359,01.10.2022,15.10.2022,1234567-9,FI05 1234 5600 7891 01,465,11...</msg>
<arg>${headers}</arg>
<doc>Makes a variable available globally in all tests and suites.</doc>
<status status="PASS" start="2025-03-13T13:11:50.728276" elapsed="0.000676"/>
</kw>
<kw name="Set Global Variable" owner="BuiltIn">
<msg time="2025-03-13T13:11:50.730001" level="INFO">${rows} = ['Installation Services,5,h,60,24,72,372,143143,1', 'Replacement Products,10,kpl,105,24,252,1302,143143,2', 'Keyboard Logitech,10,kpl,40,24,96,496,1543235,1', 'Brother printer,1,kpl,65,24,15.6,80.6,15...</msg>
<arg>${rows}</arg>
<doc>Makes a variable available globally in all tests and suites.</doc>
<status status="PASS" start="2025-03-13T13:11:50.729545" elapsed="0.000928"/>
</kw>
<status status="PASS" start="2025-03-13T13:11:50.705914" elapsed="0.025421"/>
</test>
<test id="s1-t2" name="Initialize Database" line="188">
<kw name="Ensure Invoice Status Exists">
<kw name="Make Connection">
<kw name="Connect To Database" owner="DatabaseLibrary">
<msg time="2025-03-13T13:11:50.737686" level="WARN">Argument 'dbapiModuleName' is deprecated, use 'db_module' instead</msg>
<msg time="2025-03-13T13:11:50.738605" level="INFO">Replacing 'dbapiModuleName' with 'db_module'</msg>
<msg time="2025-03-13T13:11:50.738768" level="WARN">Argument 'dbName' is deprecated, use 'db_name' instead</msg>
<msg time="2025-03-13T13:11:50.739736" level="INFO">Replacing 'dbName' with 'db_name'</msg>
<msg time="2025-03-13T13:11:50.739976" level="WARN">Argument 'dbUsername' is deprecated, use 'db_user' instead</msg>
<msg time="2025-03-13T13:11:50.740946" level="INFO">Replacing 'dbUsername' with 'db_user'</msg>
<msg time="2025-03-13T13:11:50.741125" level="WARN">Argument 'dbPassword' is deprecated, use 'db_password' instead</msg>
<msg time="2025-03-13T13:11:50.742232" level="INFO">Replacing 'dbPassword' with 'db_password'</msg>
<msg time="2025-03-13T13:11:50.742483" level="WARN">Argument 'dbHost' is deprecated, use 'db_host' instead</msg>
<msg time="2025-03-13T13:11:50.743447" level="INFO">Replacing 'dbHost' with 'db_host'</msg>
<msg time="2025-03-13T13:11:50.743642" level="WARN">Argument 'dbPort' is deprecated, use 'db_port' instead</msg>
<msg time="2025-03-13T13:11:50.744492" level="INFO">Replacing 'dbPort' with 'db_port'</msg>
<msg time="2025-03-13T13:11:50.744700" level="INFO">Looking for configuration file: 'resources\db.cfg'</msg>
<msg time="2025-03-13T13:11:50.744989" level="INFO">Configuration file doesn't exist</msg>
<msg time="2025-03-13T13:11:50.889922" level="INFO">Connect to DB using : pymysql.connect(db='rpaproject', user='robotuser', passwd=***, host='localhost', port=3306, charset='utf8mb4')</msg>
<arg>dbapiModuleName=pymysql</arg>
<arg>dbName=${dbtoconnect}</arg>
<arg>dbUsername=${dbuser}</arg>
<arg>dbPassword=${dbpass}</arg>
<arg>dbHost=${dbhost}</arg>
<arg>dbPort=${dbport}</arg>
<doc>Creates a database connection using the DB API 2.0 ``db_module`` and the parameters provided.
Along with listed commonly used arguments (`db_name`, `db_host` etc.)
you can set any other DB module specific parameters as key/value pairs.</doc>
<status status="PASS" start="2025-03-13T13:11:50.737117" elapsed="0.186865"/>
</kw>
<arg>${dbname}</arg>
<status status="PASS" start="2025-03-13T13:11:50.736598" elapsed="0.187736"/>
</kw>
<kw name="Query" owner="DatabaseLibrary">
<msg time="2025-03-13T13:11:50.925081" level="INFO" html="true">Executing sql:&lt;br&gt;&lt;code style="font-weight: bold;"&gt;SELECT COUNT(*) FROM invoicestatus;&lt;/code&gt;</msg>
<msg time="2025-03-13T13:11:50.926803" level="INFO" html="true">&lt;div style="max-width: 100%; overflow-x: auto;"&gt;&lt;table style="width: auto; border-collapse: collapse; border: 2px solid rgb(140 140 140)"&gt;&lt;caption style="text-align: left; font-weight: bold; padding: 5px;"&gt;Query returned 1 rows&lt;/caption&gt;&lt;tr&gt;&lt;th scope="col" style="color:black; background-color: #d6ecd4; border: 1px solid rgb(160 160 160);padding: 8px 10px;text-align: center;"&gt;Row&lt;/th&gt;&lt;th scope="col" style="background-color: #505050; color: #fff;border: 1px solid rgb(160 160 160);padding: 8px 10px;text-align: center;"&gt;COUNT(*)&lt;/th&gt;&lt;/tr&gt;&lt;tr style="background-color: var(--secondary-color, #eee)"&gt;&lt;th scope="row" style="color:black; background-color: #d6ecd4;border: 1px solid rgb(160 160 160);padding: 8px 10px;text-align: center;"&gt;0&lt;/th&gt;&lt;td style="border: 1px solid rgb(160 160 160);padding: 8px 10px;text-align: center;"&gt;0&lt;/td&gt;&lt;/tr&gt;&lt;/table&gt;&lt;/div&gt;</msg>
<msg time="2025-03-13T13:11:50.927114" level="INFO">${count} = ((0,),)</msg>
<var>${count}</var>
<arg>SELECT COUNT(*) FROM invoicestatus;</arg>
<doc>Runs a query with the ``select_statement`` and returns the result as list of rows.
The type of row values depends on the database module -
usually they are tuples or tuple-like objects.</doc>
<status status="PASS" start="2025-03-13T13:11:50.924698" elapsed="0.002462"/>
</kw>
<kw name="Convert To Integer" owner="BuiltIn">
<msg time="2025-03-13T13:11:50.927909" level="INFO">${count} = 0</msg>
<var>${count}</var>
<arg>${count}[0][0]</arg>
<doc>Converts the given item to an integer number.</doc>
<status status="PASS" start="2025-03-13T13:11:50.927444" elapsed="0.000510"/>
</kw>
<if>
<branch type="IF" condition="${count} == 0">
<kw name="Log To Console" owner="BuiltIn">
<arg>[INFO] Inserting default statuses into invoicestatus table.</arg>
<doc>Logs the given message to the console.</doc>
<status status="PASS" start="2025-03-13T13:11:50.928585" elapsed="0.001177"/>
</kw>
<kw name="Execute Sql String" owner="DatabaseLibrary">
<msg time="2025-03-13T13:11:50.930499" level="INFO" html="true">Executing sql:&lt;br&gt;&lt;code style="font-weight: bold;"&gt;INSERT INTO invoicestatus (id, name) VALUES (0, 'Approved'), (1, 'Reference Error'), (2, 'IBAN Error'), (3, 'Amount Mismatch'),(4, 'Date Mismatch');&lt;/code&gt;</msg>
<msg time="2025-03-13T13:11:50.931888" level="INFO">Commit the transaction</msg>
<arg>INSERT INTO invoicestatus (id, name) VALUES (0, 'Approved'), (1, 'Reference Error'), (2, 'IBAN Error'), (3, 'Amount Mismatch'),(4, 'Date Mismatch');</arg>
<doc>Executes the ``sql_string`` as a single SQL command.</doc>
<status status="PASS" start="2025-03-13T13:11:50.930176" elapsed="0.011271"/>
</kw>
<status status="PASS" start="2025-03-13T13:11:50.928127" elapsed="0.013471"/>
</branch>
<branch type="ELSE">
<kw name="Log To Console" owner="BuiltIn">
<arg>[INFO] Invoice status table already populated.</arg>
<doc>Logs the given message to the console.</doc>
<status status="NOT RUN" start="2025-03-13T13:11:50.942138" elapsed="0.000074"/>
</kw>
<status status="NOT RUN" start="2025-03-13T13:11:50.941685" elapsed="0.000650"/>
</branch>
<status status="PASS" start="2025-03-13T13:11:50.928076" elapsed="0.014329"/>
</if>
<status status="PASS" start="2025-03-13T13:11:50.735895" elapsed="0.206708"/>
</kw>
<status status="PASS" start="2025-03-13T13:11:50.733873" elapsed="0.209347"/>
</test>
<test id="s1-t3" name="Loop all invoicerows" line="193">
<for flavor="IN">
<iter>
<kw name="Log" owner="BuiltIn">
<msg time="2025-03-13T13:11:50.947263" level="INFO">Installation Services,5,h,60,24,72,372,143143,1</msg>
<arg>${element}</arg>
<doc>Logs the given message with the given level.</doc>
<status status="PASS" start="2025-03-13T13:11:50.946924" elapsed="0.000458"/>
</kw>
<kw name="Split String" owner="String">
<msg time="2025-03-13T13:11:50.948017" level="INFO">@{items} = [ Installation Services | 5 | h | 60 | 24 | 72 | 372 | 143143 | 1 ]</msg>
<var>@{items}</var>
<arg>${element}</arg>
<arg>,</arg>
<doc>Splits the ``string`` using ``separator`` as a delimiter string.</doc>
<status status="PASS" start="2025-03-13T13:11:50.947638" elapsed="0.000469"/>
</kw>
<kw name="Set Variable" owner="BuiltIn">
<msg time="2025-03-13T13:11:50.949204" level="INFO">${rowInvoiceNumber} = 143143</msg>
<var>${rowInvoiceNumber}</var>
<arg>${items}[7]</arg>
<doc>Returns the given values which can then be assigned to a variables.</doc>
<status status="PASS" start="2025-03-13T13:11:50.948433" elapsed="0.000915"/>
</kw>
<kw name="Log" owner="BuiltIn">
<msg time="2025-03-13T13:11:50.950227" level="INFO">143143</msg>
<arg>${rowInvoiceNumber}</arg>
<doc>Logs the given message with the given level.</doc>
<status status="PASS" start="2025-03-13T13:11:50.949810" elapsed="0.000527"/>
</kw>
<kw name="Log" owner="BuiltIn">
<msg time="2025-03-13T13:11:50.950865" level="INFO">empty</msg>
<arg>${InvoiceNumber}</arg>
<doc>Logs the given message with the given level.</doc>
<status status="PASS" start="2025-03-13T13:11:50.950610" elapsed="0.000335"/>
</kw>
<if>
<branch type="IF" condition="'${rowInvoiceNumber}' == '${InvoiceNumber}'">
<kw name="Log" owner="BuiltIn">
<arg>Let's add rows to the invoice</arg>
<doc>Logs the given message with the given level.</doc>
<status status="NOT RUN" start="2025-03-13T13:11:50.951896" elapsed="0.000039"/>
</kw>
<kw name="Add Row Data to List">
<arg>${items}</arg>
<status status="NOT RUN" start="2025-03-13T13:11:50.952376" elapsed="0.000052"/>
</kw>
<status status="NOT RUN" start="2025-03-13T13:11:50.951424" elapsed="0.001066"/>
</branch>
<branch type="ELSE">
<kw name="Log" owner="BuiltIn">
<msg time="2025-03-13T13:11:50.953119" level="INFO">We need to check if there are already rows in the database list</msg>
<arg>We need to check if there are already rows in the database list</arg>
<doc>Logs the given message with the given level.</doc>
<status status="PASS" start="2025-03-13T13:11:50.952806" elapsed="0.000417"/>
</kw>
<kw name="Get Length" owner="BuiltIn">
<msg time="2025-03-13T13:11:50.953744" level="INFO">Length is 0.</msg>
<msg time="2025-03-13T13:11:50.953880" level="INFO">${length} = 0</msg>
<var>${length}</var>
<arg>${ListToDB}</arg>
<doc>Returns and logs the length of the given item as an integer.</doc>
<status status="PASS" start="2025-03-13T13:11:50.953444" elapsed="0.000477"/>
</kw>
<if>
<branch type="IF" condition="${length} == ${0}">
<kw name="Log" owner="BuiltIn">
<msg time="2025-03-13T13:11:50.955489" level="INFO">The case of the first invoice</msg>
<arg>The case of the first invoice</arg>
<doc>Logs the given message with the given level.</doc>
<status status="PASS" start="2025-03-13T13:11:50.955228" elapsed="0.000365"/>
</kw>
<kw name="Set Variable" owner="BuiltIn">
<msg time="2025-03-13T13:11:50.956174" level="INFO">${InvoiceNumber} = 143143</msg>
<var>${InvoiceNumber}</var>
<arg>${rowInvoiceNumber}</arg>
<doc>Returns the given values which can then be assigned to a variables.</doc>
<status status="PASS" start="2025-03-13T13:11:50.955819" elapsed="0.000402"/>
</kw>
<kw name="Set Global Variable" owner="BuiltIn">
<msg time="2025-03-13T13:11:50.956716" level="INFO">${InvoiceNumber} = 143143</msg>
<arg>${InvoiceNumber}</arg>
<doc>Makes a variable available globally in all tests and suites.</doc>
<status status="PASS" start="2025-03-13T13:11:50.956410" elapsed="0.000376"/>
</kw>
<kw name="Add Row Data to List">
<kw name="Create List" owner="BuiltIn">
<msg time="2025-03-13T13:11:50.957890" level="INFO">@{AddInvoiceRowData} = [ ]</msg>
<var>@{AddInvoiceRowData}</var>
<doc>Returns a list containing given items.</doc>
<status status="PASS" start="2025-03-13T13:11:50.957619" elapsed="0.000325"/>
</kw>
<kw name="Append To List" owner="Collections">
<arg>${AddInvoiceRowData}</arg>
<arg>${InvoiceNumber}</arg>
<doc>Adds ``values`` to the end of ``list``.</doc>
<status status="PASS" start="2025-03-13T13:11:50.958118" elapsed="0.000250"/>
</kw>
<kw name="Append To List" owner="Collections">
<arg>${AddInvoiceRowData}</arg>
<arg>${items}[8]</arg>
<doc>Adds ``values`` to the end of ``list``.</doc>
<status status="PASS" start="2025-03-13T13:11:50.958524" elapsed="0.000258"/>
</kw>
<kw name="Append To List" owner="Collections">
<arg>${AddInvoiceRowData}</arg>
<arg>${items}[0]</arg>
<doc>Adds ``values`` to the end of ``list``.</doc>
<status status="PASS" start="2025-03-13T13:11:50.958937" elapsed="0.000267"/>
</kw>
<kw name="Append To List" owner="Collections">
<arg>${AddInvoiceRowData}</arg>
<arg>${items}[1]</arg>
<doc>Adds ``values`` to the end of ``list``.</doc>
<status status="PASS" start="2025-03-13T13:11:50.959379" elapsed="0.000234"/>
</kw>
<kw name="Append To List" owner="Collections">
<arg>${AddInvoiceRowData}</arg>
<arg>${items}[2]</arg>
<doc>Adds ``values`` to the end of ``list``.</doc>
<status status="PASS" start="2025-03-13T13:11:50.959775" elapsed="0.000260"/>
</kw>
<kw name="Append To List" owner="Collections">
<arg>${AddInvoiceRowData}</arg>
<arg>${items}[3]</arg>
<doc>Adds ``values`` to the end of ``list``.</doc>
<status status="PASS" start="2025-03-13T13:11:50.960194" elapsed="0.000299"/>
</kw>
<kw name="Append To List" owner="Collections">
<arg>${AddInvoiceRowData}</arg>
<arg>${items}[4]</arg>
<doc>Adds ``values`` to the end of ``list``.</doc>
<status status="PASS" start="2025-03-13T13:11:50.960674" elapsed="0.000261"/>
</kw>
<kw name="Append To List" owner="Collections">
<arg>${AddInvoiceRowData}</arg>
<arg>${items}[5]</arg>
<doc>Adds ``values`` to the end of ``list``.</doc>
<status status="PASS" start="2025-03-13T13:11:50.961092" elapsed="0.000258"/>
</kw>
<kw name="Append To List" owner="Collections">
<arg>${AddInvoiceRowData}</arg>
<arg>${items}[6]</arg>
<doc>Adds ``values`` to the end of ``list``.</doc>
<status status="PASS" start="2025-03-13T13:11:50.961503" elapsed="0.000236"/>
</kw>
<kw name="Append To List" owner="Collections">
<arg>${ListToDB}</arg>
<arg>${AddInvoiceRowData}</arg>
<doc>Adds ``values`` to the end of ``list``.</doc>
<status status="PASS" start="2025-03-13T13:11:50.961884" elapsed="0.000205"/>
</kw>
<arg>${items}</arg>
<status status="PASS" start="2025-03-13T13:11:50.957098" elapsed="0.005110"/>
</kw>
<status status="PASS" start="2025-03-13T13:11:50.954091" elapsed="0.008175"/>
</branch>
<branch type="ELSE">
<kw name="Log" owner="BuiltIn">
<arg>The invoice changes, the header data must also be processed</arg>
<doc>Logs the given message with the given level.</doc>
<status status="NOT RUN" start="2025-03-13T13:11:50.962499" elapsed="0.000030"/>
</kw>
<for flavor="IN">
<iter>
<kw name="Split String" owner="String">
<var>${headerItems}</var>
<arg>${headerElement}</arg>
<arg>,</arg>
<doc>Splits the ``string`` using ``separator`` as a delimiter string.</doc>
<status status="NOT RUN" start="2025-03-13T13:11:50.963325" elapsed="0.000032"/>
</kw>
<if>
<branch type="IF" condition="'${headerItems}[0]' == '${InvoiceNumber}'">
<kw name="Log" owner="BuiltIn">
<arg>The invoice was found</arg>
<doc>Logs the given message with the given level.</doc>
<status status="NOT RUN" start="2025-03-13T13:11:50.963648" elapsed="0.000030"/>
</kw>
<kw name="Set Variable" owner="BuiltIn">
<var>${statusOfInvoice}</var>
<arg>0</arg>
<doc>Returns the given values which can then be assigned to a variables.</doc>
<status status="NOT RUN" start="2025-03-13T13:11:50.963819" elapsed="0.000029"/>
</kw>
<kw name="Set Variable" owner="BuiltIn">
<var>${commentOfInvoice}</var>
<arg>All ok</arg>
<doc>Returns the given values which can then be assigned to a variables.</doc>
<status status="NOT RUN" start="2025-03-13T13:11:50.963988" elapsed="0.000028"/>
</kw>
<kw name="Is Ref Correct" owner="validate">
<var>${refResult}</var>
<arg>${headerItems}[2]</arg>
<status status="NOT RUN" start="2025-03-13T13:11:50.964147" elapsed="0.000038"/>
</kw>
<if>
<branch type="IF" condition="not ${refResult}">
<kw name="Set Variable" owner="BuiltIn">
<var>${statusOfInvoice}</var>
<arg>1</arg>
<doc>Returns the given values which can then be assigned to a variables.</doc>
<status status="NOT RUN" start="2025-03-13T13:11:50.964414" elapsed="0.000028"/>
</kw>
<kw name="Set Variable" owner="BuiltIn">
<var>${commentOfInvoice}</var>
<arg>Reference number error</arg>
<doc>Returns the given values which can then be assigned to a variables.</doc>
<status status="NOT RUN" start="2025-03-13T13:11:50.964578" elapsed="0.000028"/>
</kw>
<status status="NOT RUN" start="2025-03-13T13:11:50.964286" elapsed="0.000372"/>
</branch>
<status status="NOT RUN" start="2025-03-13T13:11:50.964261" elapsed="0.000442"/>
</if>
<kw name="Check IBAN">
<var>${ibanResult}</var>
<arg>${headerItems}[6]</arg>
<status status="NOT RUN" start="2025-03-13T13:11:50.965006" elapsed="0.000039"/>
</kw>
<if>
<branch type="IF" condition="not ${ibanResult}">
<kw name="Set Variable" owner="BuiltIn">
<var>${statusOfInvoice}</var>
<arg>2</arg>
<doc>Returns the given values which can then be assigned to a variables.</doc>
<status status="NOT RUN" start="2025-03-13T13:11:50.965319" elapsed="0.000033"/>
</kw>
<kw name="Set Variable" owner="BuiltIn">
<var>${commentOfInvoice}</var>
<arg>IBAN number error</arg>
<doc>Returns the given values which can then be assigned to a variables.</doc>
<status status="NOT RUN" start="2025-03-13T13:11:50.965495" elapsed="0.000158"/>
</kw>
<status status="NOT RUN" start="2025-03-13T13:11:50.965162" elapsed="0.000552"/>
</branch>
<status status="NOT RUN" start="2025-03-13T13:11:50.965135" elapsed="0.000617"/>
</if>
<kw name="Check Amounts From Invoice">
<var>${sumResult}</var>
<arg>${headerItems}[9]</arg>
<arg>${ListToDB}</arg>
<status status="NOT RUN" start="2025-03-13T13:11:50.965995" elapsed="0.000034"/>
</kw>
<if>
<branch type="IF" condition="not ${sumResult}">
<kw name="Set Variable" owner="BuiltIn">
<var>${statusOfInvoice}</var>
<arg>3</arg>
<doc>Returns the given values which can then be assigned to a variables.</doc>
<status status="NOT RUN" start="2025-03-13T13:11:50.966264" elapsed="0.000028"/>
</kw>
<kw name="Set Variable" owner="BuiltIn">
<var>${commentOfInvoice}</var>
<arg>Amount difference</arg>
<doc>Returns the given values which can then be assigned to a variables.</doc>
<status status="NOT RUN" start="2025-03-13T13:11:50.966429" elapsed="0.000029"/>
</kw>
<status status="NOT RUN" start="2025-03-13T13:11:50.966134" elapsed="0.000377"/>
</branch>
<status status="NOT RUN" start="2025-03-13T13:11:50.966109" elapsed="0.000439"/>
</if>
<kw name="Add Invoice Header To DB">
<arg>${headerItems}</arg>
<arg>${ListToDB}</arg>
<status status="NOT RUN" start="2025-03-13T13:11:50.967836" elapsed="0.000042"/>
</kw>
<for flavor="IN">
<iter>
<kw name="Add Invoice Row To DB">
<arg>${rowElement}</arg>
<status status="NOT RUN" start="2025-03-13T13:11:50.968195" elapsed="0.000031"/>
</kw>
<var name="${rowElement}"/>
<status status="NOT RUN" start="2025-03-13T13:11:50.968048" elapsed="0.000226"/>
</iter>
<var>${rowElement}</var>
<value>@{ListToDB}</value>
<status status="NOT RUN" start="2025-03-13T13:11:50.967961" elapsed="0.000368"/>
</for>
<status status="NOT RUN" start="2025-03-13T13:11:50.963490" elapsed="0.004894"/>
</branch>
<status status="NOT RUN" start="2025-03-13T13:11:50.963457" elapsed="0.004963"/>
</if>
<var name="${headerElement}"/>
<status status="NOT RUN" start="2025-03-13T13:11:50.963179" elapsed="0.005277"/>
</iter>
<var>${headerElement}</var>
<value>@{headers}</value>
<status status="NOT RUN" start="2025-03-13T13:11:50.962654" elapsed="0.005843"/>
</for>
<kw name="Create List" owner="BuiltIn">
<var>@{ListToDB}</var>
<doc>Returns a list containing given items.</doc>
<status status="NOT RUN" start="2025-03-13T13:11:50.968658" elapsed="0.000041"/>
</kw>
<kw name="Set Global Variable" owner="BuiltIn">
<arg>${ListToDB}</arg>
<doc>Makes a variable available globally in all tests and suites.</doc>
<status status="NOT RUN" start="2025-03-13T13:11:50.968910" elapsed="0.000046"/>
</kw>
<kw name="Set Variable" owner="BuiltIn">
<var>${InvoiceNumber}</var>
<arg>${rowInvoiceNumber}</arg>
<doc>Returns the given values which can then be assigned to a variables.</doc>
<status status="NOT RUN" start="2025-03-13T13:11:50.969125" elapsed="0.000031"/>
</kw>
<kw name="Set Global Variable" owner="BuiltIn">
<arg>${InvoiceNumber}</arg>
<doc>Makes a variable available globally in all tests and suites.</doc>
<status status="NOT RUN" start="2025-03-13T13:11:50.969344" elapsed="0.000030"/>
</kw>
<kw name="Add Row Data to List">
<arg>${items}</arg>
<status status="NOT RUN" start="2025-03-13T13:11:50.969653" elapsed="0.000037"/>
</kw>
<status status="NOT RUN" start="2025-03-13T13:11:50.962334" elapsed="0.007410"/>
</branch>
<status status="PASS" start="2025-03-13T13:11:50.954042" elapsed="0.015762"/>
</if>
<status status="PASS" start="2025-03-13T13:11:50.952577" elapsed="0.017304"/>
</branch>
<status status="PASS" start="2025-03-13T13:11:50.951367" elapsed="0.018562"/>
</if>
<var name="${element}">Installation Services,5,h,60,24,72,372,143143,1</var>
<status status="PASS" start="2025-03-13T13:11:50.946674" elapsed="0.023312"/>
</iter>
<iter>
<kw name="Log" owner="BuiltIn">
<msg time="2025-03-13T13:11:50.972287" level="INFO">Replacement Products,10,kpl,105,24,252,1302,143143,2</msg>
<arg>${element}</arg>
<doc>Logs the given message with the given level.</doc>
<status status="PASS" start="2025-03-13T13:11:50.971842" elapsed="0.000561"/>
</kw>
<kw name="Split String" owner="String">
<msg time="2025-03-13T13:11:50.972960" level="INFO">@{items} = [ Replacement Products | 10 | kpl | 105 | 24 | 252 | 1302 | 143143 | 2 ]</msg>
<var>@{items}</var>
<arg>${element}</arg>
<arg>,</arg>
<doc>Splits the ``string`` using ``separator`` as a delimiter string.</doc>
<status status="PASS" start="2025-03-13T13:11:50.972650" elapsed="0.000354"/>
</kw>
<kw name="Set Variable" owner="BuiltIn">
<msg time="2025-03-13T13:11:50.973447" level="INFO">${rowInvoiceNumber} = 143143</msg>
<var>${rowInvoiceNumber}</var>
<arg>${items}[7]</arg>
<doc>Returns the given values which can then be assigned to a variables.</doc>
<status status="PASS" start="2025-03-13T13:11:50.973175" elapsed="0.000315"/>
</kw>
<kw name="Log" owner="BuiltIn">
<msg time="2025-03-13T13:11:50.973923" level="INFO">143143</msg>
<arg>${rowInvoiceNumber}</arg>
<doc>Logs the given message with the given level.</doc>
<status status="PASS" start="2025-03-13T13:11:50.973647" elapsed="0.000365"/>
</kw>
<kw name="Log" owner="BuiltIn">
<msg time="2025-03-13T13:11:50.974401" level="INFO">143143</msg>
<arg>${InvoiceNumber}</arg>
<doc>Logs the given message with the given level.</doc>
<status status="PASS" start="2025-03-13T13:11:50.974197" elapsed="0.000269"/>
</kw>
<if>
<branch type="IF" condition="'${rowInvoiceNumber}' == '${InvoiceNumber}'">
<kw name="Log" owner="BuiltIn">
<msg time="2025-03-13T13:11:50.975251" level="INFO">Let's add rows to the invoice</msg>
<arg>Let's add rows to the invoice</arg>
<doc>Logs the given message with the given level.</doc>
<status status="PASS" start="2025-03-13T13:11:50.975028" elapsed="0.000346"/>
</kw>
<kw name="Add Row Data to List">
<kw name="Create List" owner="BuiltIn">
<msg time="2025-03-13T13:11:50.976832" level="INFO">@{AddInvoiceRowData} = [ ]</msg>
<var>@{AddInvoiceRowData}</var>
<doc>Returns a list containing given items.</doc>
<status status="PASS" start="2025-03-13T13:11:50.976569" elapsed="0.000320"/>
</kw>
<kw name="Append To List" owner="Collections">
<arg>${AddInvoiceRowData}</arg>
<arg>${InvoiceNumber}</arg>
<doc>Adds ``values`` to the end of ``list``.</doc>
<status status="PASS" start="2025-03-13T13:11:50.977062" elapsed="0.000261"/>
</kw>
<kw name="Append To List" owner="Collections">
<arg>${AddInvoiceRowData}</arg>
<arg>${items}[8]</arg>
<doc>Adds ``values`` to the end of ``list``.</doc>
<status status="PASS" start="2025-03-13T13:11:50.977469" elapsed="0.000231"/>
</kw>
<kw name="Append To List" owner="Collections">
<arg>${AddInvoiceRowData}</arg>
<arg>${items}[0]</arg>
<doc>Adds ``values`` to the end of ``list``.</doc>
<status status="PASS" start="2025-03-13T13:11:50.977840" elapsed="0.000237"/>
</kw>
<kw name="Append To List" owner="Collections">
<arg>${AddInvoiceRowData}</arg>
<arg>${items}[1]</arg>
<doc>Adds ``values`` to the end of ``list``.</doc>
<status status="PASS" start="2025-03-13T13:11:50.978221" elapsed="0.000214"/>
</kw>
<kw name="Append To List" owner="Collections">
<arg>${AddInvoiceRowData}</arg>
<arg>${items}[2]</arg>
<doc>Adds ``values`` to the end of ``list``.</doc>
<status status="PASS" start="2025-03-13T13:11:50.978578" elapsed="0.000230"/>
</kw>
<kw name="Append To List" owner="Collections">
<arg>${AddInvoiceRowData}</arg>
<arg>${items}[3]</arg>
<doc>Adds ``values`` to the end of ``list``.</doc>
<status status="PASS" start="2025-03-13T13:11:50.978973" elapsed="0.000249"/>
</kw>
<kw name="Append To List" owner="Collections">
<arg>${AddInvoiceRowData}</arg>
<arg>${items}[4]</arg>
<doc>Adds ``values`` to the end of ``list``.</doc>
<status status="PASS" start="2025-03-13T13:11:50.979381" elapsed="0.000243"/>
</kw>
<kw name="Append To List" owner="Collections">
<arg>${AddInvoiceRowData}</arg>
<arg>${items}[5]</arg>
<doc>Adds ``values`` to the end of ``list``.</doc>
<status status="PASS" start="2025-03-13T13:11:50.979775" elapsed="0.000293"/>
</kw>
<kw name="Append To List" owner="Collections">
<arg>${AddInvoiceRowData}</arg>
<arg>${items}[6]</arg>
<doc>Adds ``values`` to the end of ``list``.</doc>
<status status="PASS" start="2025-03-13T13:11:50.980773" elapsed="0.000612"/>
</kw>
<kw name="Append To List" owner="Collections">
<arg>${ListToDB}</arg>
<arg>${AddInvoiceRowData}</arg>
<doc>Adds ``values`` to the end of ``list``.</doc>
<status status="PASS" start="2025-03-13T13:11:50.981766" elapsed="0.000464"/>
</kw>
<arg>${items}</arg>
<status status="PASS" start="2025-03-13T13:11:50.975779" elapsed="0.006646"/>
</kw>
<status status="PASS" start="2025-03-13T13:11:50.974604" elapsed="0.007892"/>
</branch>
<branch type="ELSE">
<kw name="Log" owner="BuiltIn">
<arg>We need to check if there are already rows in the database list</arg>
<doc>Logs the given message with the given level.</doc>
<status status="NOT RUN" start="2025-03-13T13:11:50.982908" elapsed="0.000051"/>
</kw>
<kw name="Get Length" owner="BuiltIn">
<var>${length}</var>
<arg>${ListToDB}</arg>
<doc>Returns and logs the length of the given item as an integer.</doc>
<status status="NOT RUN" start="2025-03-13T13:11:50.983240" elapsed="0.000054"/>
</kw>
<if>
<branch type="IF" condition="${length} == ${0}">
<kw name="Log" owner="BuiltIn">
<arg>The case of the first invoice</arg>
<doc>Logs the given message with the given level.</doc>
<status status="NOT RUN" start="2025-03-13T13:11:50.983685" elapsed="0.000031"/>
</kw>
<kw name="Set Variable" owner="BuiltIn">
<var>${InvoiceNumber}</var>
<arg>${rowInvoiceNumber}</arg>
<doc>Returns the given values which can then be assigned to a variables.</doc>
<status status="NOT RUN" start="2025-03-13T13:11:50.983857" elapsed="0.000030"/>
</kw>
<kw name="Set Global Variable" owner="BuiltIn">
<arg>${InvoiceNumber}</arg>
<doc>Makes a variable available globally in all tests and suites.</doc>
<status status="NOT RUN" start="2025-03-13T13:11:50.984051" elapsed="0.000029"/>
</kw>
<kw name="Add Row Data to List">
<arg>${items}</arg>
<status status="NOT RUN" start="2025-03-13T13:11:50.984457" elapsed="0.000065"/>
</kw>
<status status="NOT RUN" start="2025-03-13T13:11:50.983506" elapsed="0.001086"/>
</branch>
<branch type="ELSE">
<kw name="Log" owner="BuiltIn">
<arg>The invoice changes, the header data must also be processed</arg>
<doc>Logs the given message with the given level.</doc>
<status status="NOT RUN" start="2025-03-13T13:11:50.984805" elapsed="0.000030"/>
</kw>
<for flavor="IN">
<iter>
<kw name="Split String" owner="String">
<var>${headerItems}</var>
<arg>${headerElement}</arg>
<arg>,</arg>
<doc>Splits the ``string`` using ``separator`` as a delimiter string.</doc>
<status status="NOT RUN" start="2025-03-13T13:11:50.985600" elapsed="0.000035"/>
</kw>
<if>
<branch type="IF" condition="'${headerItems}[0]' == '${InvoiceNumber}'">
<kw name="Log" owner="BuiltIn">
<arg>The invoice was found</arg>
<doc>Logs the given message with the given level.</doc>
<status status="NOT RUN" start="2025-03-13T13:11:50.985920" elapsed="0.000029"/>
</kw>
<kw name="Set Variable" owner="BuiltIn">
<var>${statusOfInvoice}</var>
<arg>0</arg>
<doc>Returns the given values which can then be assigned to a variables.</doc>
<status status="NOT RUN" start="2025-03-13T13:11:50.986087" elapsed="0.000029"/>
</kw>
<kw name="Set Variable" owner="BuiltIn">
<var>${commentOfInvoice}</var>
<arg>All ok</arg>
<doc>Returns the given values which can then be assigned to a variables.</doc>
<status status="NOT RUN" start="2025-03-13T13:11:50.986256" elapsed="0.000028"/>
</kw>
<kw name="Is Ref Correct" owner="validate">
<var>${refResult}</var>
<arg>${headerItems}[2]</arg>
<status status="NOT RUN" start="2025-03-13T13:11:50.986415" elapsed="0.000028"/>
</kw>
<if>
<branch type="IF" condition="not ${refResult}">
<kw name="Set Variable" owner="BuiltIn">
<var>${statusOfInvoice}</var>
<arg>1</arg>
<doc>Returns the given values which can then be assigned to a variables.</doc>
<status status="NOT RUN" start="2025-03-13T13:11:50.986703" elapsed="0.000029"/>
</kw>
<kw name="Set Variable" owner="BuiltIn">
<var>${commentOfInvoice}</var>
<arg>Reference number error</arg>
<doc>Returns the given values which can then be assigned to a variables.</doc>
<status status="NOT RUN" start="2025-03-13T13:11:50.986870" elapsed="0.000028"/>
</kw>
<status status="NOT RUN" start="2025-03-13T13:11:50.986556" elapsed="0.000396"/>
</branch>
<status status="NOT RUN" start="2025-03-13T13:11:50.986524" elapsed="0.000474"/>
</if>
<kw name="Check IBAN">
<var>${ibanResult}</var>
<arg>${headerItems}[6]</arg>
<status status="NOT RUN" start="2025-03-13T13:11:50.987348" elapsed="0.000071"/>
</kw>
<if>
<branch type="IF" condition="not ${ibanResult}">
<kw name="Set Variable" owner="BuiltIn">
<var>${statusOfInvoice}</var>
<arg>2</arg>
<doc>Returns the given values which can then be assigned to a variables.</doc>
<status status="NOT RUN" start="2025-03-13T13:11:50.987705" elapsed="0.000030"/>
</kw>
<kw name="Set Variable" owner="BuiltIn">
<var>${commentOfInvoice}</var>
<arg>IBAN number error</arg>
<doc>Returns the given values which can then be assigned to a variables.</doc>
<status status="NOT RUN" start="2025-03-13T13:11:50.987875" elapsed="0.000029"/>
</kw>
<status status="NOT RUN" start="2025-03-13T13:11:50.987564" elapsed="0.000390"/>
</branch>
<status status="NOT RUN" start="2025-03-13T13:11:50.987530" elapsed="0.000462"/>
</if>
<kw name="Check Amounts From Invoice">
<var>${sumResult}</var>
<arg>${headerItems}[9]</arg>
<arg>${ListToDB}</arg>
<status status="NOT RUN" start="2025-03-13T13:11:50.988240" elapsed="0.000034"/>
</kw>
<if>
<branch type="IF" condition="not ${sumResult}">
<kw name="Set Variable" owner="BuiltIn">
<var>${statusOfInvoice}</var>
<arg>3</arg>
<doc>Returns the given values which can then be assigned to a variables.</doc>
<status status="NOT RUN" start="2025-03-13T13:11:50.988540" elapsed="0.000030"/>
</kw>
<kw name="Set Variable" owner="BuiltIn">
<var>${commentOfInvoice}</var>
<arg>Amount difference</arg>
<doc>Returns the given values which can then be assigned to a variables.</doc>
<status status="NOT RUN" start="2025-03-13T13:11:50.988725" elapsed="0.000030"/>
</kw>
<status status="NOT RUN" start="2025-03-13T13:11:50.988395" elapsed="0.000412"/>
</branch>
<status status="NOT RUN" start="2025-03-13T13:11:50.988352" elapsed="0.000496"/>
</if>
<kw name="Add Invoice Header To DB">
<arg>${headerItems}</arg>
<arg>${ListToDB}</arg>
<status status="NOT RUN" start="2025-03-13T13:11:50.989367" elapsed="0.000081"/>
</kw>
<for flavor="IN">
<iter>
<kw name="Add Invoice Row To DB">
<arg>${rowElement}</arg>
<status status="NOT RUN" start="2025-03-13T13:11:50.989842" elapsed="0.000048"/>
</kw>
<var name="${rowElement}"/>
<status status="NOT RUN" start="2025-03-13T13:11:50.989666" elapsed="0.000277"/>
</iter>
<var>${rowElement}</var>
<value>@{ListToDB}</value>
<status status="NOT RUN" start="2025-03-13T13:11:50.989560" elapsed="0.000431"/>
</for>
<status status="NOT RUN" start="2025-03-13T13:11:50.985776" elapsed="0.004269"/>
</branch>
<status status="NOT RUN" start="2025-03-13T13:11:50.985743" elapsed="0.004342"/>
</if>
<var name="${headerElement}"/>
<status status="NOT RUN" start="2025-03-13T13:11:50.985435" elapsed="0.004693"/>
</iter>
<var>${headerElement}</var>
<value>@{headers}</value>
<status status="NOT RUN" start="2025-03-13T13:11:50.984928" elapsed="0.005238"/>
</for>
<kw name="Create List" owner="BuiltIn">
<var>@{ListToDB}</var>
<doc>Returns a list containing given items.</doc>
<status status="NOT RUN" start="2025-03-13T13:11:50.990371" elapsed="0.000039"/>
</kw>
<kw name="Set Global Variable" owner="BuiltIn">
<arg>${ListToDB}</arg>
<doc>Makes a variable available globally in all tests and suites.</doc>
<status status="NOT RUN" start="2025-03-13T13:11:50.990591" elapsed="0.000030"/>
</kw>
<kw name="Set Variable" owner="BuiltIn">
<var>${InvoiceNumber}</var>
<arg>${rowInvoiceNumber}</arg>
<doc>Returns the given values which can then be assigned to a variables.</doc>
<status status="NOT RUN" start="2025-03-13T13:11:50.990759" elapsed="0.000195"/>
</kw>
<kw name="Set Global Variable" owner="BuiltIn">
<arg>${InvoiceNumber}</arg>
<doc>Makes a variable available globally in all tests and suites.</doc>
<status status="NOT RUN" start="2025-03-13T13:11:50.991118" elapsed="0.000030"/>
</kw>
<kw name="Add Row Data to List">
<arg>${items}</arg>
<status status="NOT RUN" start="2025-03-13T13:11:50.991475" elapsed="0.000043"/>
</kw>
<status status="NOT RUN" start="2025-03-13T13:11:50.984650" elapsed="0.006927"/>
</branch>
<status status="NOT RUN" start="2025-03-13T13:11:50.983461" elapsed="0.008160"/>
</if>
<status status="NOT RUN" start="2025-03-13T13:11:50.982579" elapsed="0.009092"/>
</branch>
<status status="PASS" start="2025-03-13T13:11:50.974563" elapsed="0.017141"/>
</if>
<var name="${element}">Replacement Products,10,kpl,105,24,252,1302,143143,2</var>
<status status="PASS" start="2025-03-13T13:11:50.971455" elapsed="0.020288"/>
</iter>
<iter>
<kw name="Log" owner="BuiltIn">
<msg time="2025-03-13T13:11:50.993353" level="INFO">Keyboard Logitech,10,kpl,40,24,96,496,1543235,1</msg>
<arg>${element}</arg>
<doc>Logs the given message with the given level.</doc>
<status status="PASS" start="2025-03-13T13:11:50.993047" elapsed="0.000429"/>
</kw>
<kw name="Split String" owner="String">
<msg time="2025-03-13T13:11:50.993940" level="INFO">@{items} = [ Keyboard Logitech | 10 | kpl | 40 | 24 | 96 | 496 | 1543235 | 1 ]</msg>
<var>@{items}</var>
<arg>${element}</arg>
<arg>,</arg>
<doc>Splits the ``string`` using ``separator`` as a delimiter string.</doc>
<status status="PASS" start="2025-03-13T13:11:50.993668" elapsed="0.000316"/>
</kw>
<kw name="Set Variable" owner="BuiltIn">
<msg time="2025-03-13T13:11:50.994369" level="INFO">${rowInvoiceNumber} = 1543235</msg>
<var>${rowInvoiceNumber}</var>
<arg>${items}[7]</arg>
<doc>Returns the given values which can then be assigned to a variables.</doc>
<status status="PASS" start="2025-03-13T13:11:50.994147" elapsed="0.000295"/>
</kw>
<kw name="Log" owner="BuiltIn">
<msg time="2025-03-13T13:11:50.994784" level="INFO">1543235</msg>
<arg>${rowInvoiceNumber}</arg>
<doc>Logs the given message with the given level.</doc>
<status status="PASS" start="2025-03-13T13:11:50.994607" elapsed="0.000240"/>
</kw>
<kw name="Log" owner="BuiltIn">
<msg time="2025-03-13T13:11:50.995143" level="INFO">143143</msg>
<arg>${InvoiceNumber}</arg>
<doc>Logs the given message with the given level.</doc>
<status status="PASS" start="2025-03-13T13:11:50.994988" elapsed="0.000215"/>
</kw>
<if>
<branch type="IF" condition="'${rowInvoiceNumber}' == '${InvoiceNumber}'">
<kw name="Log" owner="BuiltIn">
<arg>Let's add rows to the invoice</arg>
<doc>Logs the given message with the given level.</doc>
<status status="NOT RUN" start="2025-03-13T13:11:50.995742" elapsed="0.000031"/>
</kw>
<kw name="Add Row Data to List">
<arg>${items}</arg>
<status status="NOT RUN" start="2025-03-13T13:11:50.996045" elapsed="0.000037"/>
</kw>
<status status="NOT RUN" start="2025-03-13T13:11:50.995338" elapsed="0.000796"/>
</branch>
<branch type="ELSE">
<kw name="Log" owner="BuiltIn">
<msg time="2025-03-13T13:11:50.996443" level="INFO">We need to check if there are already rows in the database list</msg>
<arg>We need to check if there are already rows in the database list</arg>
<doc>Logs the given message with the given level.</doc>
<status status="PASS" start="2025-03-13T13:11:50.996321" elapsed="0.000194"/>
</kw>
<kw name="Get Length" owner="BuiltIn">
<msg time="2025-03-13T13:11:50.996811" level="INFO">Length is 2.</msg>
<msg time="2025-03-13T13:11:50.996910" level="INFO">${length} = 2</msg>
<var>${length}</var>
<arg>${ListToDB}</arg>
<doc>Returns and logs the length of the given item as an integer.</doc>
<status status="PASS" start="2025-03-13T13:11:50.996662" elapsed="0.000285"/>
</kw>
<if>
<branch type="IF" condition="${length} == ${0}">
<kw name="Log" owner="BuiltIn">
<arg>The case of the first invoice</arg>
<doc>Logs the given message with the given level.</doc>
<status status="NOT RUN" start="2025-03-13T13:11:50.997788" elapsed="0.000030"/>
</kw>
<kw name="Set Variable" owner="BuiltIn">
<var>${InvoiceNumber}</var>
<arg>${rowInvoiceNumber}</arg>
<doc>Returns the given values which can then be assigned to a variables.</doc>
<status status="NOT RUN" start="2025-03-13T13:11:50.997956" elapsed="0.000029"/>
</kw>
<kw name="Set Global Variable" owner="BuiltIn">
<arg>${InvoiceNumber}</arg>
<doc>Makes a variable available globally in all tests and suites.</doc>
<status status="NOT RUN" start="2025-03-13T13:11:50.998139" elapsed="0.000029"/>
</kw>
<kw name="Add Row Data to List">
<arg>${items}</arg>
<status status="NOT RUN" start="2025-03-13T13:11:50.998383" elapsed="0.000031"/>
</kw>
<status status="NOT RUN" start="2025-03-13T13:11:50.997053" elapsed="0.001406"/>
</branch>
<branch type="ELSE">
<kw name="Log" owner="BuiltIn">
<msg time="2025-03-13T13:11:50.998748" level="INFO">The invoice changes, the header data must also be processed</msg>
<arg>The invoice changes, the header data must also be processed</arg>
<doc>Logs the given message with the given level.</doc>
<status status="PASS" start="2025-03-13T13:11:50.998625" elapsed="0.000187"/>
</kw>
<for flavor="IN">
<iter>
<kw name="Split String" owner="String">
<msg time="2025-03-13T13:11:50.999876" level="INFO">${headerItems} = ['143143', 'Service Provider Oy', '1431432', '15.12.2022', '07.04.2021', '1234567-8', 'FI12 3456 7890 1234 56', '1350', '324', '1674']</msg>
<var>${headerItems}</var>
<arg>${headerElement}</arg>
<arg>,</arg>
<doc>Splits the ``string`` using ``separator`` as a delimiter string.</doc>
<status status="PASS" start="2025-03-13T13:11:50.999575" elapsed="0.000369"/>
</kw>
<if>
<branch type="IF" condition="'${headerItems}[0]' == '${InvoiceNumber}'">
<kw name="Log" owner="BuiltIn">
<msg time="2025-03-13T13:11:51.000789" level="INFO">The invoice was found</msg>
<arg>The invoice was found</arg>
<doc>Logs the given message with the given level.</doc>
<status status="PASS" start="2025-03-13T13:11:51.000580" elapsed="0.000326"/>
</kw>
<kw name="Set Variable" owner="BuiltIn">
<msg time="2025-03-13T13:11:51.001316" level="INFO">${statusOfInvoice} = 0</msg>
<var>${statusOfInvoice}</var>
<arg>0</arg>
<doc>Returns the given values which can then be assigned to a variables.</doc>
<status status="PASS" start="2025-03-13T13:11:51.001092" elapsed="0.000265"/>
</kw>
<kw name="Set Variable" owner="BuiltIn">
<msg time="2025-03-13T13:11:51.001745" level="INFO">${commentOfInvoice} = All ok</msg>
<var>${commentOfInvoice}</var>
<arg>All ok</arg>
<doc>Returns the given values which can then be assigned to a variables.</doc>
<status status="PASS" start="2025-03-13T13:11:51.001551" elapsed="0.000234"/>
</kw>
<kw name="Is Ref Correct" owner="validate">
<msg time="2025-03-13T13:11:51.002191" level="INFO">${refResult} = True</msg>
<var>${refResult}</var>
<arg>${headerItems}[2]</arg>
<status status="PASS" start="2025-03-13T13:11:51.001926" elapsed="0.000317"/>
</kw>
<if>
<branch type="IF" condition="not ${refResult}">
<kw name="Set Variable" owner="BuiltIn">
<var>${statusOfInvoice}</var>
<arg>1</arg>
<doc>Returns the given values which can then be assigned to a variables.</doc>
<status status="NOT RUN" start="2025-03-13T13:11:51.002663" elapsed="0.000030"/>
</kw>
<kw name="Set Variable" owner="BuiltIn">
<var>${commentOfInvoice}</var>
<arg>Reference number error</arg>
<doc>Returns the given values which can then be assigned to a variables.</doc>
<status status="NOT RUN" start="2025-03-13T13:11:51.002835" elapsed="0.000029"/>
</kw>
<status status="NOT RUN" start="2025-03-13T13:11:51.002380" elapsed="0.000536"/>
</branch>
<status status="PASS" start="2025-03-13T13:11:51.002339" elapsed="0.000623"/>
</if>
<kw name="Check IBAN">
<kw name="Set Variable" owner="BuiltIn">
<msg time="2025-03-13T13:11:51.004007" level="INFO">${status} = False</msg>
<var>${status}</var>
<arg>${False}</arg>
<doc>Returns the given values which can then be assigned to a variables.</doc>
<status status="PASS" start="2025-03-13T13:11:51.003766" elapsed="0.000534"/>
</kw>
<kw name="Remove String" owner="String">
<msg time="2025-03-13T13:11:51.004832" level="INFO">${iban} = FI1234567890123456</msg>
<var>${iban}</var>
<arg>${iban}</arg>
<arg>${SPACE}</arg>
<doc>Removes all ``removables`` from the given ``string``.</doc>
<status status="PASS" start="2025-03-13T13:11:51.004493" elapsed="0.000387"/>
</kw>
<kw name="Get Length" owner="BuiltIn">
<msg time="2025-03-13T13:11:51.005271" level="INFO">Length is 18.</msg>
<msg time="2025-03-13T13:11:51.005426" level="INFO">${length} = 18</msg>
<var>${length}</var>
<arg>${iban}</arg>
<doc>Returns and logs the length of the given item as an integer.</doc>
<status status="PASS" start="2025-03-13T13:11:51.005070" elapsed="0.000401"/>
</kw>
<if>
<branch type="IF" condition="${length} == 18">
<kw name="Set Variable" owner="BuiltIn">
<msg time="2025-03-13T13:11:51.006398" level="INFO">${status} = True</msg>
<var>${status}</var>
<arg>${True}</arg>
<doc>Returns the given values which can then be assigned to a variables.</doc>
<status status="PASS" start="2025-03-13T13:11:51.006095" elapsed="0.000351"/>
</kw>
<status status="PASS" start="2025-03-13T13:11:51.005687" elapsed="0.000839"/>
</branch>
<status status="PASS" start="2025-03-13T13:11:51.005637" elapsed="0.000944"/>
</if>
<return>
<value>${status}</value>
<status status="PASS" start="2025-03-13T13:11:51.006660" elapsed="0.000107"/>
</return>
<msg time="2025-03-13T13:11:51.006996" level="INFO">${ibanResult} = True</msg>
<var>${ibanResult}</var>
<arg>${headerItems}[6]</arg>
<status status="PASS" start="2025-03-13T13:11:51.003294" elapsed="0.003740"/>
</kw>
<if>
<branch type="IF" condition="not ${ibanResult}">
<kw name="Set Variable" owner="BuiltIn">
<var>${statusOfInvoice}</var>
<arg>2</arg>
<doc>Returns the given values which can then be assigned to a variables.</doc>
<status status="NOT RUN" start="2025-03-13T13:11:51.007496" elapsed="0.000035"/>
</kw>
<kw name="Set Variable" owner="BuiltIn">
<var>${commentOfInvoice}</var>
<arg>IBAN number error</arg>
<doc>Returns the given values which can then be assigned to a variables.</doc>
<status status="NOT RUN" start="2025-03-13T13:11:51.007707" elapsed="0.000030"/>
</kw>
<status status="NOT RUN" start="2025-03-13T13:11:51.007162" elapsed="0.000629"/>
</branch>
<status status="PASS" start="2025-03-13T13:11:51.007131" elapsed="0.000706"/>
</if>
<kw name="Check Amounts From Invoice">
<kw name="Set Variable" owner="BuiltIn">
<msg time="2025-03-13T13:11:51.008980" level="INFO">${status} = False</msg>
<var>${status}</var>
<arg>${False}</arg>
<doc>Returns the given values which can then be assigned to a variables.</doc>
<status status="PASS" start="2025-03-13T13:11:51.008746" elapsed="0.000278"/>
</kw>
<kw name="Evaluate" owner="BuiltIn">
<msg time="2025-03-13T13:11:51.009564" level="INFO">${totalRowsAmount} = 0</msg>
<var>${totalRowsAmount}</var>
<arg>0</arg>
<doc>Evaluates the given expression in Python and returns the result.</doc>
<status status="PASS" start="2025-03-13T13:11:51.009187" elapsed="0.000440"/>
</kw>
<for flavor="IN">
<iter>
<kw name="Evaluate" owner="BuiltIn">
<msg time="2025-03-13T13:11:51.010461" level="INFO">${totalRowsAmount} = 372</msg>
<var>${totalRowsAmount}</var>
<arg>${totalRowsAmount}+${element}[8]</arg>
<doc>Evaluates the given expression in Python and returns the result.</doc>
<status status="PASS" start="2025-03-13T13:11:51.010089" elapsed="0.000416"/>
</kw>
<var name="${element}">['143143', '1', 'Installation Services', '5', 'h', '60', '24', '72', '372']</var>
<status status="PASS" start="2025-03-13T13:11:51.009952" elapsed="0.000614"/>
</iter>
<iter>
<kw name="Evaluate" owner="BuiltIn">
<msg time="2025-03-13T13:11:51.011155" level="INFO">${totalRowsAmount} = 1674</msg>
<var>${totalRowsAmount}</var>
<arg>${totalRowsAmount}+${element}[8]</arg>
<doc>Evaluates the given expression in Python and returns the result.</doc>
<status status="PASS" start="2025-03-13T13:11:51.010838" elapsed="0.000356"/>
</kw>
<var name="${element}">['143143', '2', 'Replacement Products', '10', 'kpl', '105', '24', '252', '1302']</var>
<status status="PASS" start="2025-03-13T13:11:51.010705" elapsed="0.000552"/>
</iter>
<var>${element}</var>
<value>@{invoiceRows}</value>
<status status="PASS" start="2025-03-13T13:11:51.009730" elapsed="0.001575"/>
</for>
<kw name="Convert To Number" owner="BuiltIn">
<msg time="2025-03-13T13:11:51.011754" level="INFO">${totalSumFromHeader} = 1674.0</msg>
<var>${totalSumFromHeader}</var>
<arg>${totalSumFromHeader}</arg>
<doc>Converts the given item to a floating point number.</doc>
<status status="PASS" start="2025-03-13T13:11:51.011464" elapsed="0.000332"/>
</kw>
<kw name="Convert To Number" owner="BuiltIn">
<msg time="2025-03-13T13:11:51.012181" level="INFO">${totalRowsAmount} = 1674.0</msg>
<var>${totalRowsAmount}</var>
<arg>${totalRowsAmount}</arg>
<doc>Converts the given item to a floating point number.</doc>
<status status="PASS" start="2025-03-13T13:11:51.011944" elapsed="0.000275"/>
</kw>
<kw name="Convert To Number" owner="BuiltIn">
<msg time="2025-03-13T13:11:51.012578" level="INFO">${diff} = 0.01</msg>
<var>${diff}</var>
<arg>0.01</arg>
<doc>Converts the given item to a floating point number.</doc>
<status status="PASS" start="2025-03-13T13:11:51.012363" elapsed="0.000255"/>
</kw>
<kw name="Is Equal" owner="validate">
<msg time="2025-03-13T13:11:51.013058" level="INFO">${status} = True</msg>
<var>${status}</var>
<arg>${totalSumFromHeader}</arg>
<arg>${totalRowsAmount}</arg>
<arg>${diff}</arg>
<status status="PASS" start="2025-03-13T13:11:51.012767" elapsed="0.000329"/>
</kw>
<return>
<value>${status}</value>
<status status="PASS" start="2025-03-13T13:11:51.013185" elapsed="0.000086"/>
</return>
<msg time="2025-03-13T13:11:51.013485" level="INFO">${sumResult} = True</msg>
<var>${sumResult}</var>
<arg>${headerItems}[9]</arg>
<arg>${ListToDB}</arg>
<status status="PASS" start="2025-03-13T13:11:51.008185" elapsed="0.005338"/>
</kw>
<if>
<branch type="IF" condition="not ${sumResult}">
<kw name="Set Variable" owner="BuiltIn">
<var>${statusOfInvoice}</var>
<arg>3</arg>
<doc>Returns the given values which can then be assigned to a variables.</doc>
<status status="NOT RUN" start="2025-03-13T13:11:51.013989" elapsed="0.000031"/>
</kw>
<kw name="Set Variable" owner="BuiltIn">
<var>${commentOfInvoice}</var>
<arg>Amount difference</arg>
<doc>Returns the given values which can then be assigned to a variables.</doc>
<status status="NOT RUN" start="2025-03-13T13:11:51.014163" elapsed="0.000028"/>
</kw>
<status status="NOT RUN" start="2025-03-13T13:11:51.013705" elapsed="0.000549"/>
</branch>
<status status="PASS" start="2025-03-13T13:11:51.013669" elapsed="0.000629"/>
</if>
<kw name="Add Invoice Header To DB">
<kw name="Make Connection">
<kw name="Connect To Database" owner="DatabaseLibrary">
<msg time="2025-03-13T13:11:51.017423" level="WARN">Argument 'dbapiModuleName' is deprecated, use 'db_module' instead</msg>
<msg time="2025-03-13T13:11:51.018537" level="INFO">Replacing 'dbapiModuleName' with 'db_module'</msg>
<msg time="2025-03-13T13:11:51.018704" level="WARN">Argument 'dbName' is deprecated, use 'db_name' instead</msg>
<msg time="2025-03-13T13:11:51.019600" level="INFO">Replacing 'dbName' with 'db_name'</msg>
<msg time="2025-03-13T13:11:51.019729" level="WARN">Argument 'dbUsername' is deprecated, use 'db_user' instead</msg>
<msg time="2025-03-13T13:11:51.020335" level="INFO">Replacing 'dbUsername' with 'db_user'</msg>
<msg time="2025-03-13T13:11:51.020458" level="WARN">Argument 'dbPassword' is deprecated, use 'db_password' instead</msg>
<msg time="2025-03-13T13:11:51.021010" level="INFO">Replacing 'dbPassword' with 'db_password'</msg>
<msg time="2025-03-13T13:11:51.021089" level="WARN">Argument 'dbHost' is deprecated, use 'db_host' instead</msg>
<msg time="2025-03-13T13:11:51.021811" level="INFO">Replacing 'dbHost' with 'db_host'</msg>
<msg time="2025-03-13T13:11:51.022148" level="WARN">Argument 'dbPort' is deprecated, use 'db_port' instead</msg>
<msg time="2025-03-13T13:11:51.022921" level="INFO">Replacing 'dbPort' with 'db_port'</msg>
<msg time="2025-03-13T13:11:51.023129" level="INFO">Looking for configuration file: 'resources\db.cfg'</msg>
<msg time="2025-03-13T13:11:51.023342" level="INFO">Configuration file doesn't exist</msg>
<msg time="2025-03-13T13:11:51.023635" level="INFO">Connect to DB using : pymysql.connect(db='rpaproject', user='robotuser', passwd=***, host='localhost', port=3306, charset='utf8mb4')</msg>
<msg time="2025-03-13T13:11:51.048532" level="WARN">Overwriting not closed connection.</msg>
<arg>dbapiModuleName=pymysql</arg>
<arg>dbName=${dbtoconnect}</arg>
<arg>dbUsername=${dbuser}</arg>
<arg>dbPassword=${dbpass}</arg>
<arg>dbHost=${dbhost}</arg>
<arg>dbPort=${dbport}</arg>
<doc>Creates a database connection using the DB API 2.0 ``db_module`` and the parameters provided.
Along with listed commonly used arguments (`db_name`, `db_host` etc.)
you can set any other DB module specific parameters as key/value pairs.</doc>
<status status="PASS" start="2025-03-13T13:11:51.016919" elapsed="0.033493"/>
</kw>
<arg>${dbname}</arg>
<status status="PASS" start="2025-03-13T13:11:51.016482" elapsed="0.034199"/>
</kw>
<kw name="Convert Date" owner="DateTime">
<msg time="2025-03-13T13:11:51.060155" level="INFO">${innvoiceDate} = 2022-12-15</msg>
<var>${innvoiceDate}</var>
<arg>${items}[3]</arg>
<arg>date_format=%d.%m.%Y</arg>
<arg>result_format=%Y-%m-%d</arg>
<doc>Converts between supported `date formats`.</doc>
<status status="PASS" start="2025-03-13T13:11:51.051039" elapsed="0.009195"/>
</kw>
<kw name="Convert Date" owner="DateTime">
<msg time="2025-03-13T13:11:51.061140" level="INFO">${dueDate} = 2021-04-07</msg>
<var>${dueDate}</var>
<arg>${items}[4]</arg>
<arg>date_format=%d.%m.%Y</arg>
<arg>result_format=%Y-%m-%d</arg>
<doc>Converts between supported `date formats`.</doc>
<status status="PASS" start="2025-03-13T13:11:51.060545" elapsed="0.000643"/>
</kw>
<kw name="Subtract Date From Date" owner="DateTime">
<msg time="2025-03-13T13:11:51.063672" level="INFO">${checkDate} = 53308800.0</msg>
<var>${checkDate}</var>
<arg>${innvoiceDate}</arg>
<arg>${dueDate}</arg>
<doc>Subtracts date from another date and returns time between.</doc>
<status status="PASS" start="2025-03-13T13:11:51.061396" elapsed="0.002380"/>
</kw>
<kw name="Set Variable" owner="BuiltIn">
<msg time="2025-03-13T13:11:51.064718" level="INFO">${statusOfInvoice} = 0</msg>
<var>${statusOfInvoice}</var>
<arg>0</arg>
<doc>Returns the given values which can then be assigned to a variables.</doc>
<status status="PASS" start="2025-03-13T13:11:51.064241" elapsed="0.000552"/>
</kw>
<kw name="Set Variable" owner="BuiltIn">
<msg time="2025-03-13T13:11:51.065441" level="INFO">${commentOfInvoice} = All ok</msg>
<var>${commentOfInvoice}</var>
<arg>All ok</arg>
<doc>Returns the given values which can then be assigned to a variables.</doc>
<status status="PASS" start="2025-03-13T13:11:51.065093" elapsed="0.000405"/>
</kw>
<kw name="Is Ref Correct" owner="validate">
<msg time="2025-03-13T13:11:51.066242" level="INFO">${refResult} = True</msg>
<var>${refResult}</var>
<arg>${items}[2]</arg>
<status status="PASS" start="2025-03-13T13:11:51.065762" elapsed="0.000574"/>
</kw>
<if>
<branch type="IF" condition="not ${refResult}">
<kw name="Set Variable" owner="BuiltIn">
<var>${statusOfInvoice}</var>
<arg>1</arg>
<doc>Returns the given values which can then be assigned to a variables.</doc>
<status status="NOT RUN" start="2025-03-13T13:11:51.067087" elapsed="0.000044"/>
</kw>
<kw name="Set Variable" owner="BuiltIn">
<var>${commentOfInvoice}</var>
<arg>Reference number error</arg>
<doc>Returns the given values which can then be assigned to a variables.</doc>
<status status="NOT RUN" start="2025-03-13T13:11:51.067304" elapsed="0.000032"/>
</kw>
<status status="NOT RUN" start="2025-03-13T13:11:51.066592" elapsed="0.000802"/>
</branch>
<status status="PASS" start="2025-03-13T13:11:51.066503" elapsed="0.000952"/>
</if>
<kw name="Check IBAN">
<kw name="Set Variable" owner="BuiltIn">
<msg time="2025-03-13T13:11:51.068748" level="INFO">${status} = False</msg>
<var>${status}</var>
<arg>${False}</arg>
<doc>Returns the given values which can then be assigned to a variables.</doc>
<status status="PASS" start="2025-03-13T13:11:51.068470" elapsed="0.000336"/>
</kw>
<kw name="Remove String" owner="String">
<msg time="2025-03-13T13:11:51.069356" level="INFO">${iban} = FI1234567890123456</msg>
<var>${iban}</var>
<arg>${iban}</arg>
<arg>${SPACE}</arg>
<doc>Removes all ``removables`` from the given ``string``.</doc>
<status status="PASS" start="2025-03-13T13:11:51.068987" elapsed="0.000415"/>
</kw>
<kw name="Get Length" owner="BuiltIn">
<msg time="2025-03-13T13:11:51.069780" level="INFO">Length is 18.</msg>
<msg time="2025-03-13T13:11:51.069881" level="INFO">${length} = 18</msg>
<var>${length}</var>
<arg>${iban}</arg>
<doc>Returns and logs the length of the given item as an integer.</doc>
<status status="PASS" start="2025-03-13T13:11:51.069603" elapsed="0.000314"/>
</kw>
<if>
<branch type="IF" condition="${length} == 18">
<kw name="Set Variable" owner="BuiltIn">
<msg time="2025-03-13T13:11:51.070608" level="INFO">${status} = True</msg>
<var>${status}</var>
<arg>${True}</arg>
<doc>Returns the given values which can then be assigned to a variables.</doc>
<status status="PASS" start="2025-03-13T13:11:51.070394" elapsed="0.000255"/>
</kw>
<status status="PASS" start="2025-03-13T13:11:51.070061" elapsed="0.000651"/>
</branch>
<status status="PASS" start="2025-03-13T13:11:51.070018" elapsed="0.000743"/>
</if>
<return>
<value>${status}</value>
<status status="PASS" start="2025-03-13T13:11:51.070825" elapsed="0.000072"/>
</return>
<msg time="2025-03-13T13:11:51.071107" level="INFO">${ibanResult} = True</msg>
<var>${ibanResult}</var>
<arg>${items}[6]</arg>
<status status="PASS" start="2025-03-13T13:11:51.067863" elapsed="0.003282"/>
</kw>
<if>
<branch type="IF" condition="not ${ibanResult}">
<kw name="Set Variable" owner="BuiltIn">
<var>${statusOfInvoice}</var>
<arg>2</arg>
<doc>Returns the given values which can then be assigned to a variables.</doc>
<status status="NOT RUN" start="2025-03-13T13:11:51.071823" elapsed="0.000058"/>
</kw>
<kw name="Set Variable" owner="BuiltIn">
<var>${commentOfInvoice}</var>
<arg>IBAN number error</arg>
<doc>Returns the given values which can then be assigned to a variables.</doc>
<status status="NOT RUN" start="2025-03-13T13:11:51.072091" elapsed="0.000031"/>
</kw>
<status status="NOT RUN" start="2025-03-13T13:11:51.071281" elapsed="0.000897"/>
</branch>
<status status="PASS" start="2025-03-13T13:11:51.071244" elapsed="0.000987"/>
</if>
<kw name="Check Amounts From Invoice">
<kw name="Set Variable" owner="BuiltIn">
<msg time="2025-03-13T13:11:51.073547" level="INFO">${status} = False</msg>
<var>${status}</var>
<arg>${False}</arg>
<doc>Returns the given values which can then be assigned to a variables.</doc>
<status status="PASS" start="2025-03-13T13:11:51.073256" elapsed="0.000349"/>
</kw>
<kw name="Evaluate" owner="BuiltIn">
<msg time="2025-03-13T13:11:51.074225" level="INFO">${totalRowsAmount} = 0</msg>
<var>${totalRowsAmount}</var>
<arg>0</arg>
<doc>Evaluates the given expression in Python and returns the result.</doc>
<status status="PASS" start="2025-03-13T13:11:51.073863" elapsed="0.000412"/>
</kw>
<for flavor="IN">
<iter>
<kw name="Evaluate" owner="BuiltIn">
<msg time="2025-03-13T13:11:51.075592" level="INFO">${totalRowsAmount} = 372</msg>
<var>${totalRowsAmount}</var>
<arg>${totalRowsAmount}+${element}[8]</arg>
<doc>Evaluates the given expression in Python and returns the result.</doc>
<status status="PASS" start="2025-03-13T13:11:51.075064" elapsed="0.000617"/>
</kw>
<var name="${element}">['143143', '1', 'Installation Services', '5', 'h', '60', '24', '72', '372']</var>
<status status="PASS" start="2025-03-13T13:11:51.074796" elapsed="0.000972"/>
</iter>
<iter>
<kw name="Evaluate" owner="BuiltIn">
<msg time="2025-03-13T13:11:51.076831" level="INFO">${totalRowsAmount} = 1674</msg>
<var>${totalRowsAmount}</var>
<arg>${totalRowsAmount}+${element}[8]</arg>
<doc>Evaluates the given expression in Python and returns the result.</doc>
<status status="PASS" start="2025-03-13T13:11:51.076324" elapsed="0.000565"/>
</kw>
<var name="${element}">['143143', '2', 'Replacement Products', '10', 'kpl', '105', '24', '252', '1302']</var>
<status status="PASS" start="2025-03-13T13:11:51.076123" elapsed="0.000851"/>
</iter>
<var>${element}</var>
<value>@{invoiceRows}</value>
<status status="PASS" start="2025-03-13T13:11:51.074454" elapsed="0.002579"/>
</for>
<kw name="Convert To Number" owner="BuiltIn">
<msg time="2025-03-13T13:11:51.077889" level="INFO">${totalSumFromHeader} = 1674.0</msg>
<var>${totalSumFromHeader}</var>
<arg>${totalSumFromHeader}</arg>
<doc>Converts the given item to a floating point number.</doc>
<status status="PASS" start="2025-03-13T13:11:51.077288" elapsed="0.000734"/>
</kw>
<kw name="Convert To Number" owner="BuiltIn">
<msg time="2025-03-13T13:11:51.079326" level="INFO">${totalRowsAmount} = 1674.0</msg>
<var>${totalRowsAmount}</var>
<arg>${totalRowsAmount}</arg>
<doc>Converts the given item to a floating point number.</doc>
<status status="PASS" start="2025-03-13T13:11:51.078526" elapsed="0.000913"/>
</kw>
<kw name="Convert To Number" owner="BuiltIn">
<msg time="2025-03-13T13:11:51.080614" level="INFO">${diff} = 0.01</msg>
<var>${diff}</var>
<arg>0.01</arg>
<doc>Converts the given item to a floating point number.</doc>
<status status="PASS" start="2025-03-13T13:11:51.079904" elapsed="0.000929"/>
</kw>
<kw name="Is Equal" owner="validate">
<msg time="2025-03-13T13:11:51.081886" level="INFO">${status} = True</msg>
<var>${status}</var>
<arg>${totalSumFromHeader}</arg>
<arg>${totalRowsAmount}</arg>
<arg>${diff}</arg>
<status status="PASS" start="2025-03-13T13:11:51.081265" elapsed="0.000687"/>
</kw>
<return>
<value>${status}</value>
<status status="PASS" start="2025-03-13T13:11:51.082074" elapsed="0.000079"/>
</return>
<msg time="2025-03-13T13:11:51.082377" level="INFO">${sumResult} = True</msg>
<var>${sumResult}</var>
<arg>${items}[9]</arg>
<arg>${rows}</arg>
<status status="PASS" start="2025-03-13T13:11:51.072584" elapsed="0.009837"/>
</kw>
<if>
<branch type="IF" condition="not ${sumResult}">
<kw name="Set Variable" owner="BuiltIn">
<var>${statusOfInvoice}</var>
<arg>3</arg>
<doc>Returns the given values which can then be assigned to a variables.</doc>
<status status="NOT RUN" start="2025-03-13T13:11:51.083006" elapsed="0.000045"/>
</kw>
<kw name="Set Variable" owner="BuiltIn">
<var>${commentOfInvoice}</var>
<arg>Amount difference</arg>
<doc>Returns the given values which can then be assigned to a variables.</doc>
<status status="NOT RUN" start="2025-03-13T13:11:51.083214" elapsed="0.000032"/>
</kw>
<status status="NOT RUN" start="2025-03-13T13:11:51.082589" elapsed="0.000715"/>
</branch>
<status status="PASS" start="2025-03-13T13:11:51.082534" elapsed="0.000813"/>
</if>
<if>
<branch type="IF" condition="${checkDate}&gt; 0">
<kw name="Set Variable" owner="BuiltIn">
<msg time="2025-03-13T13:11:51.084009" level="INFO">${statusOfInvoice} = 4</msg>
<var>${statusOfInvoice}</var>
<arg>4</arg>
<doc>Returns the given values which can then be assigned to a variables.</doc>
<status status="PASS" start="2025-03-13T13:11:51.083727" elapsed="0.000329"/>
</kw>
<kw name="Set Variable" owner="BuiltIn">
<msg time="2025-03-13T13:11:51.084393" level="INFO">${commentOfInvoice} = Date Mismatch</msg>
<var>${commentOfInvoice}</var>
<arg>Date Mismatch</arg>
<doc>Returns the given values which can then be assigned to a variables.</doc>
<status status="PASS" start="2025-03-13T13:11:51.084220" elapsed="0.000212"/>
</kw>
<status status="PASS" start="2025-03-13T13:11:51.083451" elapsed="0.001038"/>
</branch>
<status status="PASS" start="2025-03-13T13:11:51.083425" elapsed="0.001109"/>
</if>
<kw name="Set Variable" owner="BuiltIn">
<msg time="2025-03-13T13:11:51.085384" level="INFO">${insertStmt} = insert into dt_invoiceheader (invoicenumber, companyname, companycode, referencenumber, invoicedate, duedate, bankaccountnumber, amountexclvat, vat, totalamount, invoicestatus_id, comment) values ('14...</msg>
<var>${insertStmt}</var>
<arg>insert into dt_invoiceheader (invoicenumber, companyname, companycode, referencenumber, invoicedate, duedate, bankaccountnumber, amountexclvat, vat, totalamount, invoicestatus_id, comment) values ('${items}[0]', '${items}[1]', '${items}[5]', '${items}[2]', '${innvoiceDate}', '${dueDate}', '${items}[6]', '${items}[7]', '${items}[8]', '${items}[9]', '${statusOfInvoice}', '${commentOfInvoice}');</arg>
<doc>Returns the given values which can then be assigned to a variables.</doc>
<status status="PASS" start="2025-03-13T13:11:51.084667" elapsed="0.000768"/>
</kw>
<kw name="Execute Sql String" owner="DatabaseLibrary">
<msg time="2025-03-13T13:11:51.085873" level="INFO" html="true">Executing sql:&lt;br&gt;&lt;code style="font-weight: bold;"&gt;insert into dt_invoiceheader (invoicenumber, companyname, companycode, referencenumber, invoicedate, duedate, bankaccountnumber, amountexclvat, vat, totalamount, invoicestatus_id, comment) values ('143143', 'Service Provider Oy', '1234567-8', '1431432', '2022-12-15', '2021-04-07', 'FI12 3456 7890 1234 56', '1350', '324', '1674', '4', 'Date Mismatch');&lt;/code&gt;</msg>
<msg time="2025-03-13T13:11:51.087690" level="INFO">Commit the transaction</msg>
<arg>${insertStmt}</arg>
<doc>Executes the ``sql_string`` as a single SQL command.</doc>
<status status="PASS" start="2025-03-13T13:11:51.085626" elapsed="0.009401"/>
</kw>
<arg>${headerItems}</arg>
<arg>${ListToDB}</arg>
<status status="PASS" start="2025-03-13T13:11:51.015808" elapsed="0.079426"/>
</kw>
<for flavor="IN">
<iter>
<kw name="Add Invoice Row To DB">
<kw name="Make Connection">
<kw name="Connect To Database" owner="DatabaseLibrary">
<msg time="2025-03-13T13:11:51.097347" level="WARN">Argument 'dbapiModuleName' is deprecated, use 'db_module' instead</msg>
<msg time="2025-03-13T13:11:51.098675" level="INFO">Replacing 'dbapiModuleName' with 'db_module'</msg>
<msg time="2025-03-13T13:11:51.098913" level="WARN">Argument 'dbName' is deprecated, use 'db_name' instead</msg>
<msg time="2025-03-13T13:11:51.099900" level="INFO">Replacing 'dbName' with 'db_name'</msg>
<msg time="2025-03-13T13:11:51.100096" level="WARN">Argument 'dbUsername' is deprecated, use 'db_user' instead</msg>
<msg time="2025-03-13T13:11:51.101143" level="INFO">Replacing 'dbUsername' with 'db_user'</msg>
<msg time="2025-03-13T13:11:51.101316" level="WARN">Argument 'dbPassword' is deprecated, use 'db_password' instead</msg>
<msg time="2025-03-13T13:11:51.102109" level="INFO">Replacing 'dbPassword' with 'db_password'</msg>
<msg time="2025-03-13T13:11:51.102236" level="WARN">Argument 'dbHost' is deprecated, use 'db_host' instead</msg>
<msg time="2025-03-13T13:11:51.103008" level="INFO">Replacing 'dbHost' with 'db_host'</msg>
<msg time="2025-03-13T13:11:51.103157" level="WARN">Argument 'dbPort' is deprecated, use 'db_port' instead</msg>
<msg time="2025-03-13T13:11:51.103971" level="INFO">Replacing 'dbPort' with 'db_port'</msg>
<msg time="2025-03-13T13:11:51.104125" level="INFO">Looking for configuration file: 'resources\db.cfg'</msg>
<msg time="2025-03-13T13:11:51.104368" level="INFO">Configuration file doesn't exist</msg>
<msg time="2025-03-13T13:11:51.104733" level="INFO">Connect to DB using : pymysql.connect(db='rpaproject', user='robotuser', passwd=***, host='localhost', port=3306, charset='utf8mb4')</msg>
<msg time="2025-03-13T13:11:51.126171" level="WARN">Overwriting not closed connection.</msg>
<arg>dbapiModuleName=pymysql</arg>
<arg>dbName=${dbtoconnect}</arg>
<arg>dbUsername=${dbuser}</arg>
<arg>dbPassword=${dbpass}</arg>
<arg>dbHost=${dbhost}</arg>
<arg>dbPort=${dbport}</arg>
<doc>Creates a database connection using the DB API 2.0 ``db_module`` and the parameters provided.
Along with listed commonly used arguments (`db_name`, `db_host` etc.)
you can set any other DB module specific parameters as key/value pairs.</doc>
<status status="PASS" start="2025-03-13T13:11:51.096860" elapsed="0.031154"/>
</kw>
<arg>${dbname}</arg>
<status status="PASS" start="2025-03-13T13:11:51.096440" elapsed="0.032104"/>
</kw>
<kw name="Set Variable" owner="BuiltIn">
<msg time="2025-03-13T13:11:51.129582" level="INFO">${insertStmt} = insert into dt_invoicerow (invoicenumber, rownumber, description, quantity, unit, unitprice, vatpercent, vat, total) values ('143143', '1', 'Installation Services', '5', 'h', '60', '24', '72', '372');</msg>
<var>${insertStmt}</var>
<arg>insert into dt_invoicerow (invoicenumber, rownumber, description, quantity, unit, unitprice, vatpercent, vat, total) values ('${items}[0]', '${items}[1]', '${items}[2]', '${items}[3]', '${items}[4]', '${items}[5]', '${items}[6]', '${items}[7]', '${items}[8]');</arg>
<doc>Returns the given values which can then be assigned to a variables.</doc>
<status status="PASS" start="2025-03-13T13:11:51.128837" elapsed="0.000815"/>
</kw>
<kw name="Execute Sql String" owner="DatabaseLibrary">
<msg time="2025-03-13T13:11:51.130096" level="INFO" html="true">Executing sql:&lt;br&gt;&lt;code style="font-weight: bold;"&gt;insert into dt_invoicerow (invoicenumber, rownumber, description, quantity, unit, unitprice, vatpercent, vat, total) values ('143143', '1', 'Installation Services', '5', 'h', '60', '24', '72', '372');&lt;/code&gt;</msg>
<msg time="2025-03-13T13:11:51.131965" level="INFO">Commit the transaction</msg>
<arg>${insertStmt}</arg>
<doc>Executes the ``sql_string`` as a single SQL command.</doc>
<status status="PASS" start="2025-03-13T13:11:51.129841" elapsed="0.004774"/>
</kw>
<arg>${rowElement}</arg>
<status status="PASS" start="2025-03-13T13:11:51.095942" elapsed="0.038920"/>
</kw>
<var name="${rowElement}">['143143', '1', 'Installation Services', '5', 'h', '60', '24', '72', '372']</var>
<status status="PASS" start="2025-03-13T13:11:51.095686" elapsed="0.039250"/>
</iter>
<iter>
<kw name="Add Invoice Row To DB">
<kw name="Make Connection">
<kw name="Connect To Database" owner="DatabaseLibrary">
<msg time="2025-03-13T13:11:51.136821" level="WARN">Argument 'dbapiModuleName' is deprecated, use 'db_module' instead</msg>
<msg time="2025-03-13T13:11:51.137776" level="INFO">Replacing 'dbapiModuleName' with 'db_module'</msg>
<msg time="2025-03-13T13:11:51.137931" level="WARN">Argument 'dbName' is deprecated, use 'db_name' instead</msg>
<msg time="2025-03-13T13:11:51.138881" level="INFO">Replacing 'dbName' with 'db_name'</msg>
<msg time="2025-03-13T13:11:51.139063" level="WARN">Argument 'dbUsername' is deprecated, use 'db_user' instead</msg>
<msg time="2025-03-13T13:11:51.140187" level="INFO">Replacing 'dbUsername' with 'db_user'</msg>
<msg time="2025-03-13T13:11:51.140337" level="WARN">Argument 'dbPassword' is deprecated, use 'db_password' instead</msg>
<msg time="2025-03-13T13:11:51.141515" level="INFO">Replacing 'dbPassword' with 'db_password'</msg>
<msg time="2025-03-13T13:11:51.141767" level="WARN">Argument 'dbHost' is deprecated, use 'db_host' instead</msg>
<msg time="2025-03-13T13:11:51.142796" level="INFO">Replacing 'dbHost' with 'db_host'</msg>
<msg time="2025-03-13T13:11:51.142970" level="WARN">Argument 'dbPort' is deprecated, use 'db_port' instead</msg>
<msg time="2025-03-13T13:11:51.144160" level="INFO">Replacing 'dbPort' with 'db_port'</msg>
<msg time="2025-03-13T13:11:51.144559" level="INFO">Looking for configuration file: 'resources\db.cfg'</msg>
<msg time="2025-03-13T13:11:51.144915" level="INFO">Configuration file doesn't exist</msg>
<msg time="2025-03-13T13:11:51.145350" level="INFO">Connect to DB using : pymysql.connect(db='rpaproject', user='robotuser', passwd=***, host='localhost', port=3306, charset='utf8mb4')</msg>
<msg time="2025-03-13T13:11:51.149800" level="WARN">Overwriting not closed connection.</msg>
<arg>dbapiModuleName=pymysql</arg>
<arg>dbName=${dbtoconnect}</arg>
<arg>dbUsername=${dbuser}</arg>
<arg>dbPassword=${dbpass}</arg>
<arg>dbHost=${dbhost}</arg>
<arg>dbPort=${dbport}</arg>
<doc>Creates a database connection using the DB API 2.0 ``db_module`` and the parameters provided.
Along with listed commonly used arguments (`db_name`, `db_host` etc.)
you can set any other DB module specific parameters as key/value pairs.</doc>
<status status="PASS" start="2025-03-13T13:11:51.136329" elapsed="0.014932"/>
</kw>
<arg>${dbname}</arg>
<status status="PASS" start="2025-03-13T13:11:51.135913" elapsed="0.015600"/>
</kw>
<kw name="Set Variable" owner="BuiltIn">
<msg time="2025-03-13T13:11:51.152799" level="INFO">${insertStmt} = insert into dt_invoicerow (invoicenumber, rownumber, description, quantity, unit, unitprice, vatpercent, vat, total) values ('143143', '2', 'Replacement Products', '10', 'kpl', '105', '24', '252', '13...</msg>
<var>${insertStmt}</var>
<arg>insert into dt_invoicerow (invoicenumber, rownumber, description, quantity, unit, unitprice, vatpercent, vat, total) values ('${items}[0]', '${items}[1]', '${items}[2]', '${items}[3]', '${items}[4]', '${items}[5]', '${items}[6]', '${items}[7]', '${items}[8]');</arg>
<doc>Returns the given values which can then be assigned to a variables.</doc>
<status status="PASS" start="2025-03-13T13:11:51.151833" elapsed="0.001052"/>
</kw>
<kw name="Execute Sql String" owner="DatabaseLibrary">
<msg time="2025-03-13T13:11:51.153439" level="INFO" html="true">Executing sql:&lt;br&gt;&lt;code style="font-weight: bold;"&gt;insert into dt_invoicerow (invoicenumber, rownumber, description, quantity, unit, unitprice, vatpercent, vat, total) values ('143143', '2', 'Replacement Products', '10', 'kpl', '105', '24', '252', '1302');&lt;/code&gt;</msg>
<msg time="2025-03-13T13:11:51.155034" level="INFO">Commit the transaction</msg>
<arg>${insertStmt}</arg>
[...]
<kw name="Make Connection">
<kw name="Connect To Database" owner="DatabaseLibrary">
<msg time="2025-03-13T13:11:51.586170" level="WARN">Argument 'dbapiModuleName' is deprecated, use 'db_module' instead</msg>
<msg time="2025-03-13T13:11:51.587179" level="INFO">Replacing 'dbapiModuleName' with 'db_module'</msg>
<msg time="2025-03-13T13:11:51.587270" level="WARN">Argument 'dbName' is deprecated, use 'db_name' instead</msg>
<msg time="2025-03-13T13:11:51.588133" level="INFO">Replacing 'dbName' with 'db_name'</msg>
<msg time="2025-03-13T13:11:51.588320" level="WARN">Argument 'dbUsername' is deprecated, use 'db_user' instead</msg>
<msg time="2025-03-13T13:11:51.589253" level="INFO">Replacing 'dbUsername' with 'db_user'</msg>
<msg time="2025-03-13T13:11:51.589428" level="WARN">Argument 'dbPassword' is deprecated, use 'db_password' instead</msg>
<msg time="2025-03-13T13:11:51.590354" level="INFO">Replacing 'dbPassword' with 'db_password'</msg>
<msg time="2025-03-13T13:11:51.590540" level="WARN">Argument 'dbHost' is deprecated, use 'db_host' instead</msg>
<msg time="2025-03-13T13:11:51.591994" level="INFO">Replacing 'dbHost' with 'db_host'</msg>
<msg time="2025-03-13T13:11:51.592207" level="WARN">Argument 'dbPort' is deprecated, use 'db_port' instead</msg>
<msg time="2025-03-13T13:11:51.593106" level="INFO">Replacing 'dbPort' with 'db_port'</msg>
<msg time="2025-03-13T13:11:51.593433" level="INFO">Looking for configuration file: 'resources\db.cfg'</msg>
<msg time="2025-03-13T13:11:51.593672" level="INFO">Configuration file doesn't exist</msg>
<msg time="2025-03-13T13:11:51.594074" level="INFO">Connect to DB using : pymysql.connect(db='rpaproject', user='robotuser', passwd=***, host='localhost', port=3306, charset='utf8mb4')</msg>
<msg time="2025-03-13T13:11:51.609224" level="WARN">Overwriting not closed connection.</msg>
<arg>dbapiModuleName=pymysql</arg>
<arg>dbName=${dbtoconnect}</arg>
<arg>dbUsername=${dbuser}</arg>
<arg>dbPassword=${dbpass}</arg>
<arg>dbHost=${dbhost}</arg>
<arg>dbPort=${dbport}</arg>
<doc>Creates a database connection using the DB API 2.0 ``db_module`` and the parameters provided.
Along with listed commonly used arguments (`db_name`, `db_host` etc.)
you can set any other DB module specific parameters as key/value pairs.</doc>
<status status="PASS" start="2025-03-13T13:11:51.585673" elapsed="0.025184"/>
</kw>
<arg>${dbname}</arg>
<status status="PASS" start="2025-03-13T13:11:51.585266" elapsed="0.025874"/>
</kw>
<kw name="Set Variable" owner="BuiltIn">
<msg time="2025-03-13T13:11:51.612226" level="INFO">${insertStmt} = insert into dt_invoicerow (invoicenumber, rownumber, description, quantity, unit, unitprice, vatpercent, vat, total) values ('153143', '3', 'Cleaning Services', '5', 'h', '60', '24', '72', '372');</msg>
<var>${insertStmt}</var>
<arg>insert into dt_invoicerow (invoicenumber, rownumber, description, quantity, unit, unitprice, vatpercent, vat, total) values ('${items}[0]', '${items}[1]', '${items}[2]', '${items}[3]', '${items}[4]', '${items}[5]', '${items}[6]', '${items}[7]', '${items}[8]');</arg>
<doc>Returns the given values which can then be assigned to a variables.</doc>
<status status="PASS" start="2025-03-13T13:11:51.611429" elapsed="0.000851"/>
</kw>
<kw name="Execute Sql String" owner="DatabaseLibrary">
<msg time="2025-03-13T13:11:51.612715" level="INFO" html="true">Executing sql:&lt;br&gt;&lt;code style="font-weight: bold;"&gt;insert into dt_invoicerow (invoicenumber, rownumber, description, quantity, unit, unitprice, vatpercent, vat, total) values ('153143', '3', 'Cleaning Services', '5', 'h', '60', '24', '72', '372');&lt;/code&gt;</msg>
<msg time="2025-03-13T13:11:51.614430" level="INFO">Commit the transaction</msg>
<arg>${insertStmt}</arg>
<doc>Executes the ``sql_string`` as a single SQL command.</doc>
<status status="PASS" start="2025-03-13T13:11:51.612483" elapsed="0.003653"/>
</kw>
<arg>${rowElement}</arg>
<status status="PASS" start="2025-03-13T13:11:51.584794" elapsed="0.031571"/>
</kw>
<var name="${rowElement}">['153143', '3', 'Cleaning Services', '5', 'h', '60', '24', '72', '372']</var>
<status status="PASS" start="2025-03-13T13:11:51.584569" elapsed="0.031875"/>
</iter>
<iter>
<kw name="Add Invoice Row To DB">
<kw name="Make Connection">
<kw name="Connect To Database" owner="DatabaseLibrary">
<msg time="2025-03-13T13:11:51.618827" level="WARN">Argument 'dbapiModuleName' is deprecated, use 'db_module' instead</msg>
<msg time="2025-03-13T13:11:51.619922" level="INFO">Replacing 'dbapiModuleName' with 'db_module'</msg>
<msg time="2025-03-13T13:11:51.620080" level="WARN">Argument 'dbName' is deprecated, use 'db_name' instead</msg>
<msg time="2025-03-13T13:11:51.621005" level="INFO">Replacing 'dbName' with 'db_name'</msg>
<msg time="2025-03-13T13:11:51.621177" level="WARN">Argument 'dbUsername' is deprecated, use 'db_user' instead</msg>
<msg time="2025-03-13T13:11:51.622480" level="INFO">Replacing 'dbUsername' with 'db_user'</msg>
<msg time="2025-03-13T13:11:51.622722" level="WARN">Argument 'dbPassword' is deprecated, use 'db_password' instead</msg>
<msg time="2025-03-13T13:11:51.623658" level="INFO">Replacing 'dbPassword' with 'db_password'</msg>
<msg time="2025-03-13T13:11:51.623798" level="WARN">Argument 'dbHost' is deprecated, use 'db_host' instead</msg>
<msg time="2025-03-13T13:11:51.624598" level="INFO">Replacing 'dbHost' with 'db_host'</msg>
<msg time="2025-03-13T13:11:51.624779" level="WARN">Argument 'dbPort' is deprecated, use 'db_port' instead</msg>
<msg time="2025-03-13T13:11:51.625718" level="INFO">Replacing 'dbPort' with 'db_port'</msg>
<msg time="2025-03-13T13:11:51.626045" level="INFO">Looking for configuration file: 'resources\db.cfg'</msg>
<msg time="2025-03-13T13:11:51.626355" level="INFO">Configuration file doesn't exist</msg>
<msg time="2025-03-13T13:11:51.626789" level="INFO">Connect to DB using : pymysql.connect(db='rpaproject', user='robotuser', passwd=***, host='localhost', port=3306, charset='utf8mb4')</msg>
<msg time="2025-03-13T13:11:51.631556" level="WARN">Overwriting not closed connection.</msg>
<arg>dbapiModuleName=pymysql</arg>
<arg>dbName=${dbtoconnect}</arg>
<arg>dbUsername=${dbuser}</arg>
<arg>dbPassword=${dbpass}</arg>
<arg>dbHost=${dbhost}</arg>
<arg>dbPort=${dbport}</arg>
<doc>Creates a database connection using the DB API 2.0 ``db_module`` and the parameters provided.
Along with listed commonly used arguments (`db_name`, `db_host` etc.)
you can set any other DB module specific parameters as key/value pairs.</doc>
<status status="PASS" start="2025-03-13T13:11:51.618336" elapsed="0.014498"/>
</kw>
<arg>${dbname}</arg>
<status status="PASS" start="2025-03-13T13:11:51.617653" elapsed="0.015564"/>
</kw>
<kw name="Set Variable" owner="BuiltIn">
<msg time="2025-03-13T13:11:51.634280" level="INFO">${insertStmt} = insert into dt_invoicerow (invoicenumber, rownumber, description, quantity, unit, unitprice, vatpercent, vat, total) values ('153143', '4', 'Cleaning Wipes', '10', 'kpl', '105', '24', '252', '1302');</msg>
<var>${insertStmt}</var>
<arg>insert into dt_invoicerow (invoicenumber, rownumber, description, quantity, unit, unitprice, vatpercent, vat, total) values ('${items}[0]', '${items}[1]', '${items}[2]', '${items}[3]', '${items}[4]', '${items}[5]', '${items}[6]', '${items}[7]', '${items}[8]');</arg>
<doc>Returns the given values which can then be assigned to a variables.</doc>
<status status="PASS" start="2025-03-13T13:11:51.633537" elapsed="0.000801"/>
</kw>
<kw name="Execute Sql String" owner="DatabaseLibrary">
<msg time="2025-03-13T13:11:51.634767" level="INFO" html="true">Executing sql:&lt;br&gt;&lt;code style="font-weight: bold;"&gt;insert into dt_invoicerow (invoicenumber, rownumber, description, quantity, unit, unitprice, vatpercent, vat, total) values ('153143', '4', 'Cleaning Wipes', '10', 'kpl', '105', '24', '252', '1302');&lt;/code&gt;</msg>
<msg time="2025-03-13T13:11:51.636475" level="INFO">Commit the transaction</msg>
<arg>${insertStmt}</arg>
<doc>Executes the ``sql_string`` as a single SQL command.</doc>
<status status="PASS" start="2025-03-13T13:11:51.634543" elapsed="0.005295"/>
</kw>
<arg>${rowElement}</arg>
<status status="PASS" start="2025-03-13T13:11:51.617055" elapsed="0.023036"/>
</kw>
<var name="${rowElement}">['153143', '4', 'Cleaning Wipes', '10', 'kpl', '105', '24', '252', '1302']</var>
<status status="PASS" start="2025-03-13T13:11:51.616766" elapsed="0.023403"/>
</iter>
<var>${rowElement}</var>
<value>@{ListToDB}</value>
<status status="PASS" start="2025-03-13T13:11:51.528857" elapsed="0.111393"/>
</for>
<status status="PASS" start="2025-03-13T13:11:51.453742" elapsed="0.186575"/>
</branch>
<status status="PASS" start="2025-03-13T13:11:51.453667" elapsed="0.186717"/>
</if>
<var name="${headerElement}">153143,Service Provider Oy,1531439,15.12.2022,01.04.2021,1234567-8,FI12 3456 7890 1234 56,2700,648,3348</var>
<status status="PASS" start="2025-03-13T13:11:51.452866" elapsed="0.187564"/>
</iter>
<var>${headerElement}</var>
<value>@{headers}</value>
<status status="PASS" start="2025-03-13T13:11:51.439997" elapsed="0.200498"/>
</for>
<status status="PASS" start="2025-03-13T13:11:51.438755" elapsed="0.201852"/>
</branch>
<status status="PASS" start="2025-03-13T13:11:51.438709" elapsed="0.201957"/>
</if>
<kw name="Disconnect From Database" owner="DatabaseLibrary">
<doc>Disconnects from the database.</doc>
<status status="PASS" start="2025-03-13T13:11:51.641397" elapsed="0.000949"/>
</kw>
<status status="PASS" start="2025-03-13T13:11:50.944787" elapsed="0.698299"/>
</test>
<status status="PASS" start="2025-03-13T13:11:50.526954" elapsed="1.118290"/>
</suite>
<statistics>
<total>
<stat pass="3" fail="0" skip="0">All Tests</stat>
</total>
<tag>
</tag>
<suite>
<stat name="Rf Project" id="s1" pass="3" fail="0" skip="0">Rf Project</stat>
</suite>
</statistics>
<errors>
<msg time="2025-03-13T13:11:50.506518" level="WARN">Error in file 'D:\HAMK\2nd Year\2nd Semester\Module 1\Software Robotics and Automation\Group Projects\RobotFramework\rf_project.robot' on line 127: The '[Return]' setting is deprecated. Use the 'RETURN' statement instead.</msg>
<msg time="2025-03-13T13:11:50.507844" level="WARN">Error in file 'D:\HAMK\2nd Year\2nd Semester\Module 1\Software Robotics and Automation\Group Projects\RobotFramework\rf_project.robot' on line 146: The '[Return]' setting is deprecated. Use the 'RETURN' statement instead.</msg>
<msg time="2025-03-13T13:11:50.737686" level="WARN">Argument 'dbapiModuleName' is deprecated, use 'db_module' instead</msg>
<msg time="2025-03-13T13:11:50.738768" level="WARN">Argument 'dbName' is deprecated, use 'db_name' instead</msg>
<msg time="2025-03-13T13:11:50.739976" level="WARN">Argument 'dbUsername' is deprecated, use 'db_user' instead</msg>
<msg time="2025-03-13T13:11:50.741125" level="WARN">Argument 'dbPassword' is deprecated, use 'db_password' instead</msg>
<msg time="2025-03-13T13:11:50.742483" level="WARN">Argument 'dbHost' is deprecated, use 'db_host' instead</msg>
<msg time="2025-03-13T13:11:50.743642" level="WARN">Argument 'dbPort' is deprecated, use 'db_port' instead</msg>
<msg time="2025-03-13T13:11:51.017423" level="WARN">Argument 'dbapiModuleName' is deprecated, use 'db_module' instead</msg>
<msg time="2025-03-13T13:11:51.018704" level="WARN">Argument 'dbName' is deprecated, use 'db_name' instead</msg>
<msg time="2025-03-13T13:11:51.019729" level="WARN">Argument 'dbUsername' is deprecated, use 'db_user' instead</msg>
<msg time="2025-03-13T13:11:51.020458" level="WARN">Argument 'dbPassword' is deprecated, use 'db_password' instead</msg>
<msg time="2025-03-13T13:11:51.021089" level="WARN">Argument 'dbHost' is deprecated, use 'db_host' instead</msg>
<msg time="2025-03-13T13:11:51.022148" level="WARN">Argument 'dbPort' is deprecated, use 'db_port' instead</msg>
<msg time="2025-03-13T13:11:51.048532" level="WARN">Overwriting not closed connection.</msg>
<msg time="2025-03-13T13:11:51.097347" level="WARN">Argument 'dbapiModuleName' is deprecated, use 'db_module' instead</msg>
<msg time="2025-03-13T13:11:51.098913" level="WARN">Argument 'dbName' is deprecated, use 'db_name' instead</msg>
<msg time="2025-03-13T13:11:51.100096" level="WARN">Argument 'dbUsername' is deprecated, use 'db_user' instead</msg>
<msg time="2025-03-13T13:11:51.101316" level="WARN">Argument 'dbPassword' is deprecated, use 'db_password' instead</msg>
<msg time="2025-03-13T13:11:51.102236" level="WARN">Argument 'dbHost' is deprecated, use 'db_host' instead</msg>
<msg time="2025-03-13T13:11:51.103157" level="WARN">Argument 'dbPort' is deprecated, use 'db_port' instead</msg>
<msg time="2025-03-13T13:11:51.126171" level="WARN">Overwriting not closed connection.</msg>
<msg time="2025-03-13T13:11:51.136821" level="WARN">Argument 'dbapiModuleName' is deprecated, use 'db_module' instead</msg>
<msg time="2025-03-13T13:11:51.137931" level="WARN">Argument 'dbName' is deprecated, use 'db_name' instead</msg>
<msg time="2025-03-13T13:11:51.139063" level="WARN">Argument 'dbUsername' is deprecated, use 'db_user' instead</msg>
<msg time="2025-03-13T13:11:51.140337" level="WARN">Argument 'dbPassword' is deprecated, use 'db_password' instead</msg>
<msg time="2025-03-13T13:11:51.141767" level="WARN">Argument 'dbHost' is deprecated, use 'db_host' instead</msg>
<msg time="2025-03-13T13:11:51.142970" level="WARN">Argument 'dbPort' is deprecated, use 'db_port' instead</msg>
<msg time="2025-03-13T13:11:51.149800" level="WARN">Overwriting not closed connection.</msg>
<msg time="2025-03-13T13:11:51.232816" level="WARN">Argument 'dbapiModuleName' is deprecated, use 'db_module' instead</msg>
<msg time="2025-03-13T13:11:51.234418" level="WARN">Argument 'dbName' is deprecated, use 'db_name' instead</msg>
<msg time="2025-03-13T13:11:51.235190" level="WARN">Argument 'dbUsername' is deprecated, use 'db_user' instead</msg>
<msg time="2025-03-13T13:11:51.236040" level="WARN">Argument 'dbPassword' is deprecated, use 'db_password' instead</msg>
<msg time="2025-03-13T13:11:51.236829" level="WARN">Argument 'dbHost' is deprecated, use 'db_host' instead</msg>
<msg time="2025-03-13T13:11:51.237739" level="WARN">Argument 'dbPort' is deprecated, use 'db_port' instead</msg>
<msg time="2025-03-13T13:11:51.265962" level="WARN">Overwriting not closed connection.</msg>
<msg time="2025-03-13T13:11:51.301585" level="WARN">Argument 'dbapiModuleName' is deprecated, use 'db_module' instead</msg>
<msg time="2025-03-13T13:11:51.302911" level="WARN">Argument 'dbName' is deprecated, use 'db_name' instead</msg>
<msg time="2025-03-13T13:11:51.303945" level="WARN">Argument 'dbUsername' is deprecated, use 'db_user' instead</msg>
<msg time="2025-03-13T13:11:51.304797" level="WARN">Argument 'dbPassword' is deprecated, use 'db_password' instead</msg>
<msg time="2025-03-13T13:11:51.305820" level="WARN">Argument 'dbHost' is deprecated, use 'db_host' instead</msg>
<msg time="2025-03-13T13:11:51.306651" level="WARN">Argument 'dbPort' is deprecated, use 'db_port' instead</msg>
<msg time="2025-03-13T13:11:51.327933" level="WARN">Overwriting not closed connection.</msg>
<msg time="2025-03-13T13:11:51.338694" level="WARN">Argument 'dbapiModuleName' is deprecated, use 'db_module' instead</msg>
<msg time="2025-03-13T13:11:51.339893" level="WARN">Argument 'dbName' is deprecated, use 'db_name' instead</msg>
<msg time="2025-03-13T13:11:51.341428" level="WARN">Argument 'dbUsername' is deprecated, use 'db_user' instead</msg>
<msg time="2025-03-13T13:11:51.342834" level="WARN">Argument 'dbPassword' is deprecated, use 'db_password' instead</msg>
<msg time="2025-03-13T13:11:51.344020" level="WARN">Argument 'dbHost' is deprecated, use 'db_host' instead</msg>
<msg time="2025-03-13T13:11:51.345050" level="WARN">Argument 'dbPort' is deprecated, use 'db_port' instead</msg>
<msg time="2025-03-13T13:11:51.351828" level="WARN">Overwriting not closed connection.</msg>
<msg time="2025-03-13T13:11:51.482624" level="WARN">Argument 'dbapiModuleName' is deprecated, use 'db_module' instead</msg>
<msg time="2025-03-13T13:11:51.484073" level="WARN">Argument 'dbName' is deprecated, use 'db_name' instead</msg>
<msg time="2025-03-13T13:11:51.485075" level="WARN">Argument 'dbUsername' is deprecated, use 'db_user' instead</msg>
<msg time="2025-03-13T13:11:51.485943" level="WARN">Argument 'dbPassword' is deprecated, use 'db_password' instead</msg>
<msg time="2025-03-13T13:11:51.486568" level="WARN">Argument 'dbHost' is deprecated, use 'db_host' instead</msg>
<msg time="2025-03-13T13:11:51.487139" level="WARN">Argument 'dbPort' is deprecated, use 'db_port' instead</msg>
<msg time="2025-03-13T13:11:51.531450" level="WARN">Argument 'dbapiModuleName' is deprecated, use 'db_module' instead</msg>
<msg time="2025-03-13T13:11:51.533197" level="WARN">Argument 'dbName' is deprecated, use 'db_name' instead</msg>
<msg time="2025-03-13T13:11:51.534287" level="WARN">Argument 'dbUsername' is deprecated, use 'db_user' instead</msg>
<msg time="2025-03-13T13:11:51.535074" level="WARN">Argument 'dbPassword' is deprecated, use 'db_password' instead</msg>
<msg time="2025-03-13T13:11:51.535717" level="WARN">Argument 'dbHost' is deprecated, use 'db_host' instead</msg>
<msg time="2025-03-13T13:11:51.536462" level="WARN">Argument 'dbPort' is deprecated, use 'db_port' instead</msg>
<msg time="2025-03-13T13:11:51.543124" level="WARN">Overwriting not closed connection.</msg>
<msg time="2025-03-13T13:11:51.553421" level="WARN">Argument 'dbapiModuleName' is deprecated, use 'db_module' instead</msg>
<msg time="2025-03-13T13:11:51.554453" level="WARN">Argument 'dbName' is deprecated, use 'db_name' instead</msg>
<msg time="2025-03-13T13:11:51.555578" level="WARN">Argument 'dbUsername' is deprecated, use 'db_user' instead</msg>
<msg time="2025-03-13T13:11:51.556609" level="WARN">Argument 'dbPassword' is deprecated, use 'db_password' instead</msg>
<msg time="2025-03-13T13:11:51.557800" level="WARN">Argument 'dbHost' is deprecated, use 'db_host' instead</msg>
<msg time="2025-03-13T13:11:51.558826" level="WARN">Argument 'dbPort' is deprecated, use 'db_port' instead</msg>
<msg time="2025-03-13T13:11:51.577345" level="WARN">Overwriting not closed connection.</msg>
<msg time="2025-03-13T13:11:51.586170" level="WARN">Argument 'dbapiModuleName' is deprecated, use 'db_module' instead</msg>
<msg time="2025-03-13T13:11:51.587270" level="WARN">Argument 'dbName' is deprecated, use 'db_name' instead</msg>
<msg time="2025-03-13T13:11:51.588320" level="WARN">Argument 'dbUsername' is deprecated, use 'db_user' instead</msg>
<msg time="2025-03-13T13:11:51.589428" level="WARN">Argument 'dbPassword' is deprecated, use 'db_password' instead</msg>
<msg time="2025-03-13T13:11:51.590540" level="WARN">Argument 'dbHost' is deprecated, use 'db_host' instead</msg>
<msg time="2025-03-13T13:11:51.592207" level="WARN">Argument 'dbPort' is deprecated, use 'db_port' instead</msg>
<msg time="2025-03-13T13:11:51.609224" level="WARN">Overwriting not closed connection.</msg>
<msg time="2025-03-13T13:11:51.618827" level="WARN">Argument 'dbapiModuleName' is deprecated, use 'db_module' instead</msg>
<msg time="2025-03-13T13:11:51.620080" level="WARN">Argument 'dbName' is deprecated, use 'db_name' instead</msg>
<msg time="2025-03-13T13:11:51.621177" level="WARN">Argument 'dbUsername' is deprecated, use 'db_user' instead</msg>
<msg time="2025-03-13T13:11:51.622722" level="WARN">Argument 'dbPassword' is deprecated, use 'db_password' instead</msg>
<msg time="2025-03-13T13:11:51.623798" level="WARN">Argument 'dbHost' is deprecated, use 'db_host' instead</msg>
<msg time="2025-03-13T13:11:51.624779" level="WARN">Argument 'dbPort' is deprecated, use 'db_port' instead</msg>
<msg time="2025-03-13T13:11:51.631556" level="WARN">Overwriting not closed connection.</msg>
</errors>
</robot>
